

Started GET "/" for ::1 at 2015-07-05 17:38:16 -0400

ActiveRecord::PendingMigrationError (

Migrations are pending. To resolve this issue, run:

	bin/rake db:migrate RAILS_ENV=development

):
  activerecord (4.2.2) lib/active_record/migration.rb:393:in `check_pending!'
  activerecord (4.2.2) lib/active_record/migration.rb:374:in `call'
  actionpack (4.2.2) lib/action_dispatch/middleware/callbacks.rb:29:in `block in call'
  activesupport (4.2.2) lib/active_support/callbacks.rb:88:in `call'
  activesupport (4.2.2) lib/active_support/callbacks.rb:88:in `_run_callbacks'
  activesupport (4.2.2) lib/active_support/callbacks.rb:776:in `_run_call_callbacks'
  activesupport (4.2.2) lib/active_support/callbacks.rb:81:in `run_callbacks'
  actionpack (4.2.2) lib/action_dispatch/middleware/callbacks.rb:27:in `call'
  actionpack (4.2.2) lib/action_dispatch/middleware/reloader.rb:73:in `call'
  actionpack (4.2.2) lib/action_dispatch/middleware/remote_ip.rb:78:in `call'
  actionpack (4.2.2) lib/action_dispatch/middleware/debug_exceptions.rb:17:in `call'
  web-console (2.1.3) lib/web_console/middleware.rb:37:in `call'
  actionpack (4.2.2) lib/action_dispatch/middleware/show_exceptions.rb:30:in `call'
  railties (4.2.2) lib/rails/rack/logger.rb:38:in `call_app'
  railties (4.2.2) lib/rails/rack/logger.rb:20:in `block in call'
  activesupport (4.2.2) lib/active_support/tagged_logging.rb:68:in `block in tagged'
  activesupport (4.2.2) lib/active_support/tagged_logging.rb:26:in `tagged'
  activesupport (4.2.2) lib/active_support/tagged_logging.rb:68:in `tagged'
  railties (4.2.2) lib/rails/rack/logger.rb:20:in `call'
  actionpack (4.2.2) lib/action_dispatch/middleware/request_id.rb:21:in `call'
  rack (1.6.4) lib/rack/methodoverride.rb:22:in `call'
  rack (1.6.4) lib/rack/runtime.rb:18:in `call'
  activesupport (4.2.2) lib/active_support/cache/strategy/local_cache_middleware.rb:28:in `call'
  rack (1.6.4) lib/rack/lock.rb:17:in `call'
  actionpack (4.2.2) lib/action_dispatch/middleware/static.rb:113:in `call'
  rack (1.6.4) lib/rack/sendfile.rb:113:in `call'
  railties (4.2.2) lib/rails/engine.rb:518:in `call'
  railties (4.2.2) lib/rails/application.rb:164:in `call'
  rack (1.6.4) lib/rack/lock.rb:17:in `call'
  rack (1.6.4) lib/rack/content_length.rb:15:in `call'
  rack (1.6.4) lib/rack/handler/webrick.rb:88:in `service'
  /Users/isha/.rbenv/versions/2.2.1/lib/ruby/2.2.0/webrick/httpserver.rb:138:in `service'
  /Users/isha/.rbenv/versions/2.2.1/lib/ruby/2.2.0/webrick/httpserver.rb:94:in `run'
  /Users/isha/.rbenv/versions/2.2.1/lib/ruby/2.2.0/webrick/server.rb:294:in `block in start_thread'


  Rendered /Users/isha/.rbenv/versions/2.2.1/lib/ruby/gems/2.2.0/gems/actionpack-4.2.2/lib/action_dispatch/middleware/templates/rescues/_source.erb (3.5ms)
  Rendered /Users/isha/.rbenv/versions/2.2.1/lib/ruby/gems/2.2.0/gems/actionpack-4.2.2/lib/action_dispatch/middleware/templates/rescues/_trace.html.erb (1.4ms)
  Rendered /Users/isha/.rbenv/versions/2.2.1/lib/ruby/gems/2.2.0/gems/actionpack-4.2.2/lib/action_dispatch/middleware/templates/rescues/_request_and_response.html.erb (1.5ms)
  Rendered /Users/isha/.rbenv/versions/2.2.1/lib/ruby/gems/2.2.0/gems/actionpack-4.2.2/lib/action_dispatch/middleware/templates/rescues/diagnostics.html.erb within rescues/layout (72.8ms)
  Rendered /Users/isha/.rbenv/versions/2.2.1/lib/ruby/gems/2.2.0/gems/web-console-2.1.3/lib/web_console/templates/_markup.html.erb (0.4ms)
  Rendered /Users/isha/.rbenv/versions/2.2.1/lib/ruby/gems/2.2.0/gems/web-console-2.1.3/lib/web_console/templates/style.css.erb within layouts/inlined_string (0.3ms)
  Rendered /Users/isha/.rbenv/versions/2.2.1/lib/ruby/gems/2.2.0/gems/web-console-2.1.3/lib/web_console/templates/_inner_console_markup.html.erb within layouts/inlined_string (0.4ms)
  Rendered /Users/isha/.rbenv/versions/2.2.1/lib/ruby/gems/2.2.0/gems/web-console-2.1.3/lib/web_console/templates/_prompt_box_markup.html.erb within layouts/inlined_string (0.3ms)
  Rendered /Users/isha/.rbenv/versions/2.2.1/lib/ruby/gems/2.2.0/gems/web-console-2.1.3/lib/web_console/templates/console.js.erb within layouts/javascript (57.9ms)
  Rendered /Users/isha/.rbenv/versions/2.2.1/lib/ruby/gems/2.2.0/gems/web-console-2.1.3/lib/web_console/templates/main.js.erb within layouts/javascript (0.4ms)
  Rendered /Users/isha/.rbenv/versions/2.2.1/lib/ruby/gems/2.2.0/gems/web-console-2.1.3/lib/web_console/templates/error_page.js.erb within layouts/javascript (0.6ms)
  Rendered /Users/isha/.rbenv/versions/2.2.1/lib/ruby/gems/2.2.0/gems/web-console-2.1.3/lib/web_console/templates/index.html.erb (132.1ms)
  [1m[36m (12.3ms)[0m  [1mCREATE TABLE "schema_migrations" ("version" varchar NOT NULL) [0m
  [1m[35m (0.2ms)[0m  select sqlite_version(*)
  [1m[36m (6.7ms)[0m  [1mCREATE UNIQUE INDEX "unique_schema_migrations" ON "schema_migrations" ("version")[0m
  [1m[35mActiveRecord::SchemaMigration Load (0.2ms)[0m  SELECT "schema_migrations".* FROM "schema_migrations"
Migrating to CreateRestaurants (20150702213023)
  [1m[36m (0.1ms)[0m  [1mbegin transaction[0m
  [1m[35m (0.4ms)[0m  CREATE TABLE "restaurants" ("id" INTEGER PRIMARY KEY AUTOINCREMENT NOT NULL, "name" varchar, "price_range" integer, "address" varchar, "summary" text, "created_at" datetime NOT NULL, "updated_at" datetime NOT NULL) 
  [1m[36mSQL (0.4ms)[0m  [1mINSERT INTO "schema_migrations" ("version") VALUES (?)[0m  [["version", "20150702213023"]]
  [1m[35m (2.9ms)[0m  commit transaction
Migrating to CreateUsers (20150702213428)
  [1m[36m (0.1ms)[0m  [1mbegin transaction[0m
  [1m[35m (0.6ms)[0m  CREATE TABLE "users" ("id" INTEGER PRIMARY KEY AUTOINCREMENT NOT NULL, "firstname" varchar, "lastname" varchar, "email" varchar, "password_digest" varchar, "created_at" datetime NOT NULL, "updated_at" datetime NOT NULL) 
  [1m[36mSQL (0.2ms)[0m  [1mINSERT INTO "schema_migrations" ("version") VALUES (?)[0m  [["version", "20150702213428"]]
  [1m[35m (2.6ms)[0m  commit transaction
Migrating to CreateReservations (20150702214839)
  [1m[36m (0.1ms)[0m  [1mbegin transaction[0m
  [1m[35m (0.6ms)[0m  CREATE TABLE "reservations" ("id" INTEGER PRIMARY KEY AUTOINCREMENT NOT NULL, "date_time" datetime, "party_size" integer, "user_id" integer, "restaurant_id" integer, "created_at" datetime NOT NULL, "updated_at" datetime NOT NULL) 
  [1m[36mSQL (0.2ms)[0m  [1mINSERT INTO "schema_migrations" ("version") VALUES (?)[0m  [["version", "20150702214839"]]
  [1m[35m (2.8ms)[0m  commit transaction
Migrating to ChangeColumn (20150705192842)
  [1m[36m (0.1ms)[0m  [1mbegin transaction[0m
  [1m[35m (0.7ms)[0m  CREATE TEMPORARY TABLE "arestaurants" ("id" INTEGER PRIMARY KEY AUTOINCREMENT NOT NULL, "name" varchar, "price_range" integer, "address" varchar, "summary" text, "created_at" datetime NOT NULL, "updated_at" datetime NOT NULL) 
  [1m[36m (0.1ms)[0m  [1mSELECT * FROM "restaurants"[0m
  [1m[35m (5.9ms)[0m  DROP TABLE "restaurants"
  [1m[36m (0.3ms)[0m  [1mCREATE TABLE "restaurants" ("id" INTEGER PRIMARY KEY AUTOINCREMENT NOT NULL, "name" varchar, "price_range" varchar, "address" varchar, "summary" text, "created_at" datetime NOT NULL, "updated_at" datetime NOT NULL) [0m
  [1m[35m (0.1ms)[0m  SELECT * FROM "arestaurants"
  [1m[36m (0.5ms)[0m  [1mDROP TABLE "arestaurants"[0m
  [1m[35mSQL (0.2ms)[0m  INSERT INTO "schema_migrations" ("version") VALUES (?)  [["version", "20150705192842"]]
  [1m[36m (3.6ms)[0m  [1mcommit transaction[0m
  [1m[35mActiveRecord::SchemaMigration Load (0.2ms)[0m  SELECT "schema_migrations".* FROM "schema_migrations"


Started GET "/" for ::1 at 2015-07-06 16:30:46 -0400
  [1m[36mActiveRecord::SchemaMigration Load (2.5ms)[0m  [1mSELECT "schema_migrations".* FROM "schema_migrations"[0m
Processing by WelcomeController#index as HTML
  Rendered welcome/index.html.erb within layouts/application (4.5ms)
Completed 200 OK in 1895ms (Views: 1882.9ms | ActiveRecord: 0.0ms)


Started GET "/assets/reservations.self-e3b0c44298fc1c149afbf4c8996fb92427ae41e4649b934ca495991b7852b855.css?body=1" for ::1 at 2015-07-06 16:30:49 -0400


Started GET "/assets/reservations.self-877aef30ae1b040ab8a3aba4e3e309a11d7f2612f44dde450b5c157aa5f95c05.js?body=1" for ::1 at 2015-07-06 16:30:49 -0400


Started GET "/users/new" for ::1 at 2015-07-06 16:30:53 -0400
Processing by UsersController#new as HTML
  Rendered users/new.html.erb within layouts/application (71.2ms)
Completed 200 OK in 138ms (Views: 126.1ms | ActiveRecord: 0.5ms)


Started GET "/sessions/new" for ::1 at 2015-07-06 16:30:59 -0400
Processing by SessionsController#new as HTML
  Rendered sessions/new.html.erb within layouts/application (2.0ms)
Completed 200 OK in 59ms (Views: 58.5ms | ActiveRecord: 0.0ms)


Started POST "/sessions" for ::1 at 2015-07-06 16:31:02 -0400
Processing by SessionsController#create as HTML
  Parameters: {"utf8"=>"✓", "authenticity_token"=>"6ROCrrn6h8IZdIJ/0CUVtU/6+pRkJCY8uORNd5oYMDDqVN6+I/TW4nru7LdIfJpED31b5t1iY78txqSLMtF/uA==", "email"=>"m", "password"=>"[FILTERED]", "commit"=>"LOG IN NAO"}
  [1m[35mUser Load (2.6ms)[0m  SELECT  "users".* FROM "users" WHERE "users"."email" = ? LIMIT 1  [["email", "m"]]
  Rendered sessions/new.html.erb within layouts/application (2.1ms)
Completed 200 OK in 101ms (Views: 76.2ms | ActiveRecord: 2.6ms)


Started GET "/" for ::1 at 2015-07-06 16:31:07 -0400
Processing by WelcomeController#index as HTML
  Rendered welcome/index.html.erb within layouts/application (1.0ms)
Completed 200 OK in 70ms (Views: 68.8ms | ActiveRecord: 0.0ms)


Started GET "/users/new" for ::1 at 2015-07-06 16:31:46 -0400
Processing by UsersController#new as HTML
  Rendered users/new.html.erb within layouts/application (2.9ms)
Completed 200 OK in 62ms (Views: 61.7ms | ActiveRecord: 0.0ms)


Started POST "/users" for ::1 at 2015-07-06 16:31:51 -0400
Processing by UsersController#create as HTML
  Parameters: {"utf8"=>"✓", "authenticity_token"=>"1tfLpCjZ+DaTXIwb/YxSEMIgTSZPYa5EYD4Ajs2Pj9TVkJe0stepFvDG4tNl1d3hgqfsVPYn68f1HOlyZUbAXA==", "user"=>{"firstname"=>"a", "lastname"=>"a", "email"=>"a", "password"=>"[FILTERED]", "password_confirmation"=>"[FILTERED]"}, "commit"=>"Create User"}
  [1m[36m (0.1ms)[0m  [1mbegin transaction[0m
  [1m[35mSQL (2.6ms)[0m  INSERT INTO "users" ("firstname", "lastname", "email", "password_digest", "created_at", "updated_at") VALUES (?, ?, ?, ?, ?, ?)  [["firstname", "a"], ["lastname", "a"], ["email", "a"], ["password_digest", "$2a$10$LEO4aBKhjDep58jzaDhuO.5p6lNQUIqZ0jWpfwDp1ykA276O7gneS"], ["created_at", "2015-07-06 20:31:51.992486"], ["updated_at", "2015-07-06 20:31:51.992486"]]
  [1m[36m (3.1ms)[0m  [1mcommit transaction[0m
Redirected to http://localhost:3000/sessions/new
Completed 302 Found in 92ms (ActiveRecord: 5.8ms)


Started GET "/sessions/new" for ::1 at 2015-07-06 16:31:52 -0400
Processing by SessionsController#new as HTML
  Rendered sessions/new.html.erb within layouts/application (0.5ms)
Completed 200 OK in 43ms (Views: 42.1ms | ActiveRecord: 0.0ms)


Started POST "/sessions" for ::1 at 2015-07-06 16:31:55 -0400
Processing by SessionsController#create as HTML
  Parameters: {"utf8"=>"✓", "authenticity_token"=>"p4m69kw/FI15XUUu88v2nB85IFeXhdlPRpI02tLMYrKkzubm1jFFrRrHK+ZrknltX76BJS7DnMzTsN0megUtOg==", "email"=>"a", "password"=>"[FILTERED]", "commit"=>"LOG IN NAO"}
  [1m[35mUser Load (0.2ms)[0m  SELECT  "users".* FROM "users" WHERE "users"."email" = ? LIMIT 1  [["email", "a"]]
Redirected to http://localhost:3000/restaurants
Completed 302 Found in 85ms (ActiveRecord: 0.2ms)


Started GET "/restaurants" for ::1 at 2015-07-06 16:31:55 -0400
Processing by RestaurantsController#index as HTML
  [1m[36mRestaurant Load (0.2ms)[0m  [1mSELECT "restaurants".* FROM "restaurants"[0m
  Rendered restaurants/index.html.erb within layouts/application (1.6ms)
Completed 200 OK in 54ms (Views: 51.3ms | ActiveRecord: 0.4ms)
  [1m[36mActiveRecord::SchemaMigration Load (0.1ms)[0m  [1mSELECT "schema_migrations".* FROM "schema_migrations"[0m
  [1m[35m (0.1ms)[0m  begin transaction
  [1m[36mSQL (0.3ms)[0m  [1mINSERT INTO "restaurants" ("name", "address", "price_range", "created_at", "updated_at") VALUES (?, ?, ?, ?, ?)[0m  [["name", "Jimmys"], ["address", "100 College St."], ["price_range", "$$"], ["created_at", "2015-07-06 20:32:22.258839"], ["updated_at", "2015-07-06 20:32:22.258839"]]
  [1m[35m (5.3ms)[0m  commit transaction
  [1m[36m (0.1ms)[0m  [1mbegin transaction[0m
  [1m[35mSQL (0.4ms)[0m  INSERT INTO "restaurants" ("name", "address", "price_range", "created_at", "updated_at") VALUES (?, ?, ?, ?, ?)  [["name", "Ayshas"], ["address", "super far away St."], ["price_range", "$$$"], ["created_at", "2015-07-06 20:32:22.268016"], ["updated_at", "2015-07-06 20:32:22.268016"]]
  [1m[36m (2.9ms)[0m  [1mcommit transaction[0m


Started GET "/restaurants" for ::1 at 2015-07-06 16:32:24 -0400
Processing by RestaurantsController#index as HTML
  [1m[35mRestaurant Load (0.1ms)[0m  SELECT "restaurants".* FROM "restaurants"
  Rendered restaurants/index.html.erb within layouts/application (3.9ms)
Completed 200 OK in 41ms (Views: 39.7ms | ActiveRecord: 0.3ms)


Started GET "/assets/restaurants.self-e3b0c44298fc1c149afbf4c8996fb92427ae41e4649b934ca495991b7852b855.css?body=1" for ::1 at 2015-07-06 16:32:25 -0400


Started GET "/assets/reservations.self-e3b0c44298fc1c149afbf4c8996fb92427ae41e4649b934ca495991b7852b855.css?body=1" for ::1 at 2015-07-06 16:32:25 -0400


Started GET "/assets/application.self-e80e8f2318043e8af94dddc2adad5a4f09739a8ebb323b3ab31cd71d45fd9113.css?body=1" for ::1 at 2015-07-06 16:32:25 -0400


Started GET "/assets/sessions.self-e3b0c44298fc1c149afbf4c8996fb92427ae41e4649b934ca495991b7852b855.css?body=1" for ::1 at 2015-07-06 16:32:25 -0400


Started GET "/assets/users.self-e3b0c44298fc1c149afbf4c8996fb92427ae41e4649b934ca495991b7852b855.css?body=1" for ::1 at 2015-07-06 16:32:25 -0400


Started GET "/assets/welcome.self-e3b0c44298fc1c149afbf4c8996fb92427ae41e4649b934ca495991b7852b855.css?body=1" for ::1 at 2015-07-06 16:32:25 -0400


Started GET "/assets/jquery.self-d03a5518f45df77341bdbe6201ba3bfa547ebba8ed64f0ea56bfa5f96ea7c074.js?body=1" for ::1 at 2015-07-06 16:32:25 -0400


Started GET "/assets/jquery_ujs.self-ca5248a2fad13d6bd58ea121318d642f195f0b2dd818b30615f785ff365e8d1f.js?body=1" for ::1 at 2015-07-06 16:32:25 -0400


Started GET "/assets/turbolinks.self-c37727e9bd6b2735da5c311aa83fead54ed0be6cc8bd9a65309e9c5abe2cbfff.js?body=1" for ::1 at 2015-07-06 16:32:25 -0400


Started GET "/assets/reservations.self-877aef30ae1b040ab8a3aba4e3e309a11d7f2612f44dde450b5c157aa5f95c05.js?body=1" for ::1 at 2015-07-06 16:32:25 -0400


Started GET "/assets/restaurants.self-877aef30ae1b040ab8a3aba4e3e309a11d7f2612f44dde450b5c157aa5f95c05.js?body=1" for ::1 at 2015-07-06 16:32:25 -0400


Started GET "/assets/sessions.self-877aef30ae1b040ab8a3aba4e3e309a11d7f2612f44dde450b5c157aa5f95c05.js?body=1" for ::1 at 2015-07-06 16:32:25 -0400


Started GET "/assets/users.self-877aef30ae1b040ab8a3aba4e3e309a11d7f2612f44dde450b5c157aa5f95c05.js?body=1" for ::1 at 2015-07-06 16:32:25 -0400


Started GET "/assets/welcome.self-877aef30ae1b040ab8a3aba4e3e309a11d7f2612f44dde450b5c157aa5f95c05.js?body=1" for ::1 at 2015-07-06 16:32:25 -0400


Started GET "/assets/application.self-3b8dabdc891efe46b9a144b400ad69e37d7e5876bdc39dee783419a69d7ca819.js?body=1" for ::1 at 2015-07-06 16:32:25 -0400


Started GET "/restaurants/1" for ::1 at 2015-07-06 16:32:35 -0400
Processing by RestaurantsController#show as HTML
  Parameters: {"id"=>"1"}
  [1m[36mRestaurant Load (0.2ms)[0m  [1mSELECT  "restaurants".* FROM "restaurants" WHERE "restaurants"."id" = ? LIMIT 1[0m  [["id", 1]]
  Rendered restaurants/show.html.erb within layouts/application (26.9ms)
Completed 500 Internal Server Error in 40ms (ActiveRecord: 0.4ms)

ActionView::Template::Error (undefined method `reservations_path' for #<#<Class:0x007f969fafa6a8>:0x007f96a41a9e28>):
    1: <h1>Make a Reservation at <%= @restaurant.name %></h1>
    2: 
    3: <%= form_for @reservation do |f| %>
    4: 
    5: 
    6: <%= f.label :party_size %>
  app/views/restaurants/show.html.erb:3:in `_app_views_restaurants_show_html_erb__1602540603816042465_70142487512480'


  Rendered /Users/isha/.rbenv/versions/2.2.1/lib/ruby/gems/2.2.0/gems/actionpack-4.2.2/lib/action_dispatch/middleware/templates/rescues/_source.erb (5.7ms)
  Rendered /Users/isha/.rbenv/versions/2.2.1/lib/ruby/gems/2.2.0/gems/actionpack-4.2.2/lib/action_dispatch/middleware/templates/rescues/_trace.html.erb (2.6ms)
  Rendered /Users/isha/.rbenv/versions/2.2.1/lib/ruby/gems/2.2.0/gems/actionpack-4.2.2/lib/action_dispatch/middleware/templates/rescues/_request_and_response.html.erb (1.6ms)
  Rendered /Users/isha/.rbenv/versions/2.2.1/lib/ruby/gems/2.2.0/gems/actionpack-4.2.2/lib/action_dispatch/middleware/templates/rescues/template_error.html.erb within rescues/layout (71.3ms)
  Rendered /Users/isha/.rbenv/versions/2.2.1/lib/ruby/gems/2.2.0/gems/web-console-2.1.3/lib/web_console/templates/_markup.html.erb (0.5ms)
  Rendered /Users/isha/.rbenv/versions/2.2.1/lib/ruby/gems/2.2.0/gems/web-console-2.1.3/lib/web_console/templates/style.css.erb within layouts/inlined_string (0.5ms)
  Rendered /Users/isha/.rbenv/versions/2.2.1/lib/ruby/gems/2.2.0/gems/web-console-2.1.3/lib/web_console/templates/_inner_console_markup.html.erb within layouts/inlined_string (0.4ms)
  Rendered /Users/isha/.rbenv/versions/2.2.1/lib/ruby/gems/2.2.0/gems/web-console-2.1.3/lib/web_console/templates/_prompt_box_markup.html.erb within layouts/inlined_string (0.4ms)
  Rendered /Users/isha/.rbenv/versions/2.2.1/lib/ruby/gems/2.2.0/gems/web-console-2.1.3/lib/web_console/templates/console.js.erb within layouts/javascript (69.4ms)
  Rendered /Users/isha/.rbenv/versions/2.2.1/lib/ruby/gems/2.2.0/gems/web-console-2.1.3/lib/web_console/templates/main.js.erb within layouts/javascript (0.5ms)
  Rendered /Users/isha/.rbenv/versions/2.2.1/lib/ruby/gems/2.2.0/gems/web-console-2.1.3/lib/web_console/templates/error_page.js.erb within layouts/javascript (0.5ms)
  Rendered /Users/isha/.rbenv/versions/2.2.1/lib/ruby/gems/2.2.0/gems/web-console-2.1.3/lib/web_console/templates/index.html.erb (182.7ms)


Started GET "/restaurants/1" for ::1 at 2015-07-06 16:32:35 -0400
Processing by RestaurantsController#show as HTML
  Parameters: {"id"=>"1"}
  [1m[35mRestaurant Load (0.1ms)[0m  SELECT  "restaurants".* FROM "restaurants" WHERE "restaurants"."id" = ? LIMIT 1  [["id", 1]]
  Rendered restaurants/show.html.erb within layouts/application (15.7ms)
Completed 500 Internal Server Error in 21ms (ActiveRecord: 0.1ms)

ActionView::Template::Error (undefined method `reservations_path' for #<#<Class:0x007f969fafa6a8>:0x007f969d9bfa60>):
    1: <h1>Make a Reservation at <%= @restaurant.name %></h1>
    2: 
    3: <%= form_for @reservation do |f| %>
    4: 
    5: 
    6: <%= f.label :party_size %>
  app/views/restaurants/show.html.erb:3:in `_app_views_restaurants_show_html_erb__1602540603816042465_70142433031180'


  Rendered /Users/isha/.rbenv/versions/2.2.1/lib/ruby/gems/2.2.0/gems/actionpack-4.2.2/lib/action_dispatch/middleware/templates/rescues/_source.erb (6.5ms)
  Rendered /Users/isha/.rbenv/versions/2.2.1/lib/ruby/gems/2.2.0/gems/actionpack-4.2.2/lib/action_dispatch/middleware/templates/rescues/_trace.html.erb (2.4ms)
  Rendered /Users/isha/.rbenv/versions/2.2.1/lib/ruby/gems/2.2.0/gems/actionpack-4.2.2/lib/action_dispatch/middleware/templates/rescues/_request_and_response.html.erb (1.1ms)
  Rendered /Users/isha/.rbenv/versions/2.2.1/lib/ruby/gems/2.2.0/gems/actionpack-4.2.2/lib/action_dispatch/middleware/templates/rescues/template_error.html.erb within rescues/layout (71.9ms)
  Rendered /Users/isha/.rbenv/versions/2.2.1/lib/ruby/gems/2.2.0/gems/web-console-2.1.3/lib/web_console/templates/_markup.html.erb (0.3ms)
  Rendered /Users/isha/.rbenv/versions/2.2.1/lib/ruby/gems/2.2.0/gems/web-console-2.1.3/lib/web_console/templates/style.css.erb within layouts/inlined_string (0.4ms)
  Rendered /Users/isha/.rbenv/versions/2.2.1/lib/ruby/gems/2.2.0/gems/web-console-2.1.3/lib/web_console/templates/_inner_console_markup.html.erb within layouts/inlined_string (0.3ms)
  Rendered /Users/isha/.rbenv/versions/2.2.1/lib/ruby/gems/2.2.0/gems/web-console-2.1.3/lib/web_console/templates/_prompt_box_markup.html.erb within layouts/inlined_string (0.4ms)
  Rendered /Users/isha/.rbenv/versions/2.2.1/lib/ruby/gems/2.2.0/gems/web-console-2.1.3/lib/web_console/templates/console.js.erb within layouts/javascript (67.6ms)
  Rendered /Users/isha/.rbenv/versions/2.2.1/lib/ruby/gems/2.2.0/gems/web-console-2.1.3/lib/web_console/templates/main.js.erb within layouts/javascript (0.3ms)
  Rendered /Users/isha/.rbenv/versions/2.2.1/lib/ruby/gems/2.2.0/gems/web-console-2.1.3/lib/web_console/templates/error_page.js.erb within layouts/javascript (0.4ms)
  Rendered /Users/isha/.rbenv/versions/2.2.1/lib/ruby/gems/2.2.0/gems/web-console-2.1.3/lib/web_console/templates/index.html.erb (134.0ms)


Started GET "/restaurants/1" for ::1 at 2015-07-06 16:33:36 -0400
Processing by RestaurantsController#show as HTML
  Parameters: {"id"=>"1"}
  [1m[36mRestaurant Load (0.1ms)[0m  [1mSELECT  "restaurants".* FROM "restaurants" WHERE "restaurants"."id" = ? LIMIT 1[0m  [["id", 1]]
  Rendered restaurants/show.html.erb within layouts/application (19.7ms)
Completed 200 OK in 67ms (Views: 65.1ms | ActiveRecord: 0.1ms)


Started GET "/assets/reservations.self-e3b0c44298fc1c149afbf4c8996fb92427ae41e4649b934ca495991b7852b855.css?body=1" for ::1 at 2015-07-06 16:33:37 -0400


Started GET "/assets/application.self-e80e8f2318043e8af94dddc2adad5a4f09739a8ebb323b3ab31cd71d45fd9113.css?body=1" for ::1 at 2015-07-06 16:33:37 -0400


Started GET "/assets/restaurants.self-e3b0c44298fc1c149afbf4c8996fb92427ae41e4649b934ca495991b7852b855.css?body=1" for ::1 at 2015-07-06 16:33:37 -0400


Started GET "/assets/jquery_ujs.self-ca5248a2fad13d6bd58ea121318d642f195f0b2dd818b30615f785ff365e8d1f.js?body=1" for ::1 at 2015-07-06 16:33:37 -0400


Started GET "/assets/welcome.self-e3b0c44298fc1c149afbf4c8996fb92427ae41e4649b934ca495991b7852b855.css?body=1" for ::1 at 2015-07-06 16:33:37 -0400


Started GET "/assets/sessions.self-e3b0c44298fc1c149afbf4c8996fb92427ae41e4649b934ca495991b7852b855.css?body=1" for ::1 at 2015-07-06 16:33:37 -0400


Started GET "/assets/jquery.self-d03a5518f45df77341bdbe6201ba3bfa547ebba8ed64f0ea56bfa5f96ea7c074.js?body=1" for ::1 at 2015-07-06 16:33:37 -0400


Started GET "/assets/users.self-e3b0c44298fc1c149afbf4c8996fb92427ae41e4649b934ca495991b7852b855.css?body=1" for ::1 at 2015-07-06 16:33:37 -0400


Started GET "/assets/turbolinks.self-c37727e9bd6b2735da5c311aa83fead54ed0be6cc8bd9a65309e9c5abe2cbfff.js?body=1" for ::1 at 2015-07-06 16:33:37 -0400


Started GET "/assets/reservations.self-877aef30ae1b040ab8a3aba4e3e309a11d7f2612f44dde450b5c157aa5f95c05.js?body=1" for ::1 at 2015-07-06 16:33:37 -0400


Started GET "/assets/restaurants.self-877aef30ae1b040ab8a3aba4e3e309a11d7f2612f44dde450b5c157aa5f95c05.js?body=1" for ::1 at 2015-07-06 16:33:37 -0400


Started GET "/assets/sessions.self-877aef30ae1b040ab8a3aba4e3e309a11d7f2612f44dde450b5c157aa5f95c05.js?body=1" for ::1 at 2015-07-06 16:33:37 -0400


Started GET "/assets/users.self-877aef30ae1b040ab8a3aba4e3e309a11d7f2612f44dde450b5c157aa5f95c05.js?body=1" for ::1 at 2015-07-06 16:33:37 -0400


Started GET "/assets/welcome.self-877aef30ae1b040ab8a3aba4e3e309a11d7f2612f44dde450b5c157aa5f95c05.js?body=1" for ::1 at 2015-07-06 16:33:37 -0400


Started GET "/assets/application.self-3b8dabdc891efe46b9a144b400ad69e37d7e5876bdc39dee783419a69d7ca819.js?body=1" for ::1 at 2015-07-06 16:33:37 -0400


Started POST "/restaurants/1/reservations" for ::1 at 2015-07-06 16:34:56 -0400
Processing by ReservationsController#create as HTML
  Parameters: {"utf8"=>"✓", "authenticity_token"=>"nPvCvay9m2MJxkTGvUDs+0IhcdA8sg0KtwKMW4EqqhWfvJ6tNrPKQ2pcKg4lGWMKAqbQooX0SIkiIGWnKePlnQ==", "reservation"=>{"party_size"=>"12", "date_time(1i)"=>"2015", "date_time(2i)"=>"7", "date_time(3i)"=>"6", "date_time(4i)"=>"20", "date_time(5i)"=>"33"}, "commit"=>"Make yo reservation", "restaurant_id"=>"1"}
  [1m[35m (0.1ms)[0m  begin transaction
  [1m[36mSQL (0.3ms)[0m  [1mINSERT INTO "reservations" ("created_at", "updated_at") VALUES (?, ?)[0m  [["created_at", "2015-07-06 20:34:56.478370"], ["updated_at", "2015-07-06 20:34:56.478370"]]
  [1m[35m (2.4ms)[0m  commit transaction
  Rendered reservations/create.html.erb within layouts/application (0.7ms)
Completed 200 OK in 58ms (Views: 53.0ms | ActiveRecord: 2.8ms)


Started GET "/" for ::1 at 2015-07-07 14:05:31 -0400
  [1m[36mActiveRecord::SchemaMigration Load (2.6ms)[0m  [1mSELECT "schema_migrations".* FROM "schema_migrations"[0m
Processing by WelcomeController#index as HTML
  Rendered welcome/index.html.erb within layouts/application (4.5ms)
Completed 200 OK in 528ms (Views: 511.6ms | ActiveRecord: 0.0ms)


Started GET "/sessions/new" for ::1 at 2015-07-07 14:05:36 -0400
Processing by SessionsController#new as HTML
  Rendered sessions/new.html.erb within layouts/application (1.2ms)
Completed 200 OK in 50ms (Views: 49.4ms | ActiveRecord: 0.0ms)


Started POST "/sessions" for ::1 at 2015-07-07 14:05:40 -0400
Processing by SessionsController#create as HTML
  Parameters: {"utf8"=>"✓", "authenticity_token"=>"Zfknk+FKWoXRjyIJDsPIhKNEzTaHQdQsLDazD9fEdDhmvnuDe0QLpbIVTMGWmkd148NsRD4Hka+5FFrzfw07sA==", "email"=>"a", "password"=>"[FILTERED]", "commit"=>"LOG IN NAO"}
  [1m[35mUser Load (2.3ms)[0m  SELECT  "users".* FROM "users" WHERE "users"."email" = ? LIMIT 1  [["email", "a"]]
Redirected to http://localhost:3000/restaurants
Completed 302 Found in 131ms (ActiveRecord: 3.1ms)


Started GET "/restaurants" for ::1 at 2015-07-07 14:05:40 -0400
Processing by RestaurantsController#index as HTML
  [1m[36mRestaurant Load (2.2ms)[0m  [1mSELECT "restaurants".* FROM "restaurants"[0m
  Rendered restaurants/index.html.erb within layouts/application (8.6ms)
Completed 200 OK in 84ms (Views: 77.5ms | ActiveRecord: 2.6ms)


Started GET "/restaurants/1" for ::1 at 2015-07-07 14:05:44 -0400
Processing by RestaurantsController#show as HTML
  Parameters: {"id"=>"1"}
  [1m[35mRestaurant Load (0.2ms)[0m  SELECT  "restaurants".* FROM "restaurants" WHERE "restaurants"."id" = ? LIMIT 1  [["id", 1]]
  Rendered restaurants/show.html.erb within layouts/application (81.3ms)
Completed 200 OK in 167ms (Views: 157.5ms | ActiveRecord: 0.5ms)


Started POST "/restaurants/1/reservations" for ::1 at 2015-07-07 14:05:49 -0400
Processing by ReservationsController#create as HTML
  Parameters: {"utf8"=>"✓", "authenticity_token"=>"xfDSchJtXHmb8YqBJL7hF+90UAFesKHcv0rt6UAzTvTGt45iiGMNWfhr5Em8527mr/Pxc+f25F8qaAQV6PoBfA==", "reservation"=>{"party_size"=>"3", "date_time(1i)"=>"2015", "date_time(2i)"=>"7", "date_time(3i)"=>"7", "date_time(4i)"=>"18", "date_time(5i)"=>"05"}, "commit"=>"Make yo reservation", "restaurant_id"=>"1"}
  [1m[36m (0.1ms)[0m  [1mbegin transaction[0m
  [1m[35mSQL (2.7ms)[0m  INSERT INTO "reservations" ("party_size", "date_time", "created_at", "updated_at") VALUES (?, ?, ?, ?)  [["party_size", 3], ["date_time", "2015-07-07 18:05:00.000000"], ["created_at", "2015-07-07 18:05:49.793827"], ["updated_at", "2015-07-07 18:05:49.793827"]]
  [1m[36m (3.3ms)[0m  [1mcommit transaction[0m
  Rendered reservations/create.html.erb within layouts/application (0.5ms)
Completed 200 OK in 78ms (Views: 66.7ms | ActiveRecord: 6.1ms)
  [1m[36mReservation Load (0.2ms)[0m  [1mSELECT  "reservations".* FROM "reservations"  ORDER BY "reservations"."id" DESC LIMIT 1[0m


Started GET "/restaurants" for ::1 at 2015-07-07 14:14:24 -0400
Processing by RestaurantsController#index as HTML
  [1m[35mRestaurant Load (3.0ms)[0m  SELECT "restaurants".* FROM "restaurants"
  Rendered restaurants/index.html.erb within layouts/application (11.6ms)
Completed 200 OK in 152ms (Views: 143.1ms | ActiveRecord: 3.6ms)


Started GET "/restaurants/1" for ::1 at 2015-07-07 14:14:27 -0400
Processing by RestaurantsController#show as HTML
  Parameters: {"id"=>"1"}
  [1m[36mRestaurant Load (0.2ms)[0m  [1mSELECT  "restaurants".* FROM "restaurants" WHERE "restaurants"."id" = ? LIMIT 1[0m  [["id", 1]]
  Rendered restaurants/show.html.erb within layouts/application (3.9ms)
Completed 200 OK in 63ms (Views: 54.4ms | ActiveRecord: 0.4ms)


Started POST "/restaurants/1/reservations" for ::1 at 2015-07-07 14:14:31 -0400
Processing by ReservationsController#create as HTML
  Parameters: {"utf8"=>"✓", "authenticity_token"=>"XoTSi18jJuh5H1461tHTDW7YIInfSuhXa/tZHZO0rzxdw46bxS13yBqFMPJOiFz8Ll+B+2YMrdT+2bDhO33gtA==", "reservation"=>{"party_size"=>"4", "date_time(1i)"=>"2015", "date_time(2i)"=>"7", "date_time(3i)"=>"7", "date_time(4i)"=>"18", "date_time(5i)"=>"14"}, "commit"=>"Make yo reservation", "restaurant_id"=>"1"}
  [1m[35m (0.1ms)[0m  begin transaction
  [1m[36mSQL (0.5ms)[0m  [1mINSERT INTO "reservations" ("party_size", "date_time", "user_id", "restaurant_id", "created_at", "updated_at") VALUES (?, ?, ?, ?, ?, ?)[0m  [["party_size", 4], ["date_time", "2015-07-07 18:14:00.000000"], ["user_id", 1], ["restaurant_id", 1], ["created_at", "2015-07-07 18:14:31.343521"], ["updated_at", "2015-07-07 18:14:31.343521"]]
  [1m[35m (2.4ms)[0m  commit transaction
  Rendered reservations/create.html.erb within layouts/application (0.1ms)
Completed 200 OK in 75ms (Views: 68.3ms | ActiveRecord: 3.0ms)
  [1m[36mReservation Load (0.3ms)[0m  [1mSELECT  "reservations".* FROM "reservations"  ORDER BY "reservations"."id" DESC LIMIT 1[0m
  [1m[36mActiveRecord::SchemaMigration Load (2.3ms)[0m  [1mSELECT "schema_migrations".* FROM "schema_migrations"[0m
Migrating to AddCapacityTo (20150707184157)
  [1m[35m (0.1ms)[0m  begin transaction
  [1m[36mSQL (0.4ms)[0m  [1mINSERT INTO "schema_migrations" ("version") VALUES (?)[0m  [["version", "20150707184157"]]
  [1m[35m (2.6ms)[0m  commit transaction
Migrating to AddCapacityToRestaurants (20150707184245)
  [1m[36m (0.1ms)[0m  [1mbegin transaction[0m
  [1m[35m (0.4ms)[0m  ALTER TABLE "restaurants" ADD "capacity" integer
  [1m[36mSQL (0.2ms)[0m  [1mINSERT INTO "schema_migrations" ("version") VALUES (?)[0m  [["version", "20150707184245"]]
  [1m[35m (2.6ms)[0m  commit transaction
  [1m[36mActiveRecord::SchemaMigration Load (0.2ms)[0m  [1mSELECT "schema_migrations".* FROM "schema_migrations"[0m
  [1m[36mActiveRecord::SchemaMigration Load (0.1ms)[0m  [1mSELECT "schema_migrations".* FROM "schema_migrations"[0m
  [1m[35m (0.1ms)[0m  begin transaction
  [1m[36mSQL (0.4ms)[0m  [1mINSERT INTO "restaurants" ("name", "address", "price_range", "capacity", "created_at", "updated_at") VALUES (?, ?, ?, ?, ?, ?)[0m  [["name", "Jimmys"], ["address", "100 College St."], ["price_range", "$$"], ["capacity", 30], ["created_at", "2015-07-07 18:44:07.958379"], ["updated_at", "2015-07-07 18:44:07.958379"]]
  [1m[35m (2.7ms)[0m  commit transaction
  [1m[36m (0.1ms)[0m  [1mbegin transaction[0m
  [1m[35mSQL (0.3ms)[0m  INSERT INTO "restaurants" ("name", "address", "price_range", "capacity", "created_at", "updated_at") VALUES (?, ?, ?, ?, ?, ?)  [["name", "Ayshas"], ["address", "super far away St."], ["price_range", "$$$"], ["capacity", 20], ["created_at", "2015-07-07 18:44:07.965769"], ["updated_at", "2015-07-07 18:44:07.965769"]]
  [1m[36m (2.6ms)[0m  [1mcommit transaction[0m


Started GET "/restaurants/1" for ::1 at 2015-07-07 14:45:14 -0400
  [1m[36mActiveRecord::SchemaMigration Load (0.2ms)[0m  [1mSELECT "schema_migrations".* FROM "schema_migrations"[0m
Processing by RestaurantsController#show as HTML
  Parameters: {"id"=>"1"}
  [1m[35mRestaurant Load (0.3ms)[0m  SELECT  "restaurants".* FROM "restaurants" WHERE "restaurants"."id" = ? LIMIT 1  [["id", 1]]
Completed 500 Internal Server Error in 13ms (ActiveRecord: 0.8ms)

ArgumentError (You need to supply at least one validation):
  app/models/reservation.rb:3:in `<class:Reservation>'
  app/models/reservation.rb:1:in `<top (required)>'
  app/controllers/restaurants_controller.rb:8:in `show'


  Rendered /Users/isha/.rbenv/versions/2.2.1/lib/ruby/gems/2.2.0/gems/actionpack-4.2.2/lib/action_dispatch/middleware/templates/rescues/_source.erb (8.0ms)
  Rendered /Users/isha/.rbenv/versions/2.2.1/lib/ruby/gems/2.2.0/gems/actionpack-4.2.2/lib/action_dispatch/middleware/templates/rescues/_trace.html.erb (2.7ms)
  Rendered /Users/isha/.rbenv/versions/2.2.1/lib/ruby/gems/2.2.0/gems/actionpack-4.2.2/lib/action_dispatch/middleware/templates/rescues/_request_and_response.html.erb (1.4ms)
  Rendered /Users/isha/.rbenv/versions/2.2.1/lib/ruby/gems/2.2.0/gems/actionpack-4.2.2/lib/action_dispatch/middleware/templates/rescues/diagnostics.html.erb within rescues/layout (79.6ms)
  Rendered /Users/isha/.rbenv/versions/2.2.1/lib/ruby/gems/2.2.0/gems/web-console-2.1.3/lib/web_console/templates/_markup.html.erb (0.9ms)
  Rendered /Users/isha/.rbenv/versions/2.2.1/lib/ruby/gems/2.2.0/gems/web-console-2.1.3/lib/web_console/templates/style.css.erb within layouts/inlined_string (0.4ms)
  Rendered /Users/isha/.rbenv/versions/2.2.1/lib/ruby/gems/2.2.0/gems/web-console-2.1.3/lib/web_console/templates/_inner_console_markup.html.erb within layouts/inlined_string (0.6ms)
  Rendered /Users/isha/.rbenv/versions/2.2.1/lib/ruby/gems/2.2.0/gems/web-console-2.1.3/lib/web_console/templates/_prompt_box_markup.html.erb within layouts/inlined_string (0.6ms)
  Rendered /Users/isha/.rbenv/versions/2.2.1/lib/ruby/gems/2.2.0/gems/web-console-2.1.3/lib/web_console/templates/console.js.erb within layouts/javascript (73.4ms)
  Rendered /Users/isha/.rbenv/versions/2.2.1/lib/ruby/gems/2.2.0/gems/web-console-2.1.3/lib/web_console/templates/main.js.erb within layouts/javascript (0.4ms)
  Rendered /Users/isha/.rbenv/versions/2.2.1/lib/ruby/gems/2.2.0/gems/web-console-2.1.3/lib/web_console/templates/error_page.js.erb within layouts/javascript (0.9ms)
  Rendered /Users/isha/.rbenv/versions/2.2.1/lib/ruby/gems/2.2.0/gems/web-console-2.1.3/lib/web_console/templates/index.html.erb (175.4ms)


Started GET "/restaurants/1" for ::1 at 2015-07-07 14:45:27 -0400
Processing by RestaurantsController#show as HTML
  Parameters: {"id"=>"1"}
  [1m[36mRestaurant Load (0.1ms)[0m  [1mSELECT  "restaurants".* FROM "restaurants" WHERE "restaurants"."id" = ? LIMIT 1[0m  [["id", 1]]
  Rendered restaurants/show.html.erb within layouts/application (6.2ms)
Completed 200 OK in 142ms (Views: 128.6ms | ActiveRecord: 0.9ms)


Started GET "/assets/restaurants.self-e3b0c44298fc1c149afbf4c8996fb92427ae41e4649b934ca495991b7852b855.css?body=1" for ::1 at 2015-07-07 14:45:27 -0400


Started GET "/assets/application.self-e80e8f2318043e8af94dddc2adad5a4f09739a8ebb323b3ab31cd71d45fd9113.css?body=1" for ::1 at 2015-07-07 14:45:27 -0400


Started GET "/assets/reservations.self-e3b0c44298fc1c149afbf4c8996fb92427ae41e4649b934ca495991b7852b855.css?body=1" for ::1 at 2015-07-07 14:45:27 -0400


Started GET "/assets/users.self-e3b0c44298fc1c149afbf4c8996fb92427ae41e4649b934ca495991b7852b855.css?body=1" for ::1 at 2015-07-07 14:45:27 -0400


Started GET "/assets/sessions.self-e3b0c44298fc1c149afbf4c8996fb92427ae41e4649b934ca495991b7852b855.css?body=1" for ::1 at 2015-07-07 14:45:27 -0400


Started GET "/assets/welcome.self-e3b0c44298fc1c149afbf4c8996fb92427ae41e4649b934ca495991b7852b855.css?body=1" for ::1 at 2015-07-07 14:45:27 -0400


Started GET "/assets/jquery_ujs.self-ca5248a2fad13d6bd58ea121318d642f195f0b2dd818b30615f785ff365e8d1f.js?body=1" for ::1 at 2015-07-07 14:45:27 -0400


Started GET "/assets/jquery.self-d03a5518f45df77341bdbe6201ba3bfa547ebba8ed64f0ea56bfa5f96ea7c074.js?body=1" for ::1 at 2015-07-07 14:45:27 -0400


Started GET "/assets/turbolinks.self-c37727e9bd6b2735da5c311aa83fead54ed0be6cc8bd9a65309e9c5abe2cbfff.js?body=1" for ::1 at 2015-07-07 14:45:27 -0400


Started GET "/assets/reservations.self-877aef30ae1b040ab8a3aba4e3e309a11d7f2612f44dde450b5c157aa5f95c05.js?body=1" for ::1 at 2015-07-07 14:45:27 -0400


Started GET "/assets/restaurants.self-877aef30ae1b040ab8a3aba4e3e309a11d7f2612f44dde450b5c157aa5f95c05.js?body=1" for ::1 at 2015-07-07 14:45:27 -0400


Started GET "/assets/sessions.self-877aef30ae1b040ab8a3aba4e3e309a11d7f2612f44dde450b5c157aa5f95c05.js?body=1" for ::1 at 2015-07-07 14:45:27 -0400


Started GET "/assets/users.self-877aef30ae1b040ab8a3aba4e3e309a11d7f2612f44dde450b5c157aa5f95c05.js?body=1" for ::1 at 2015-07-07 14:45:27 -0400


Started GET "/assets/welcome.self-877aef30ae1b040ab8a3aba4e3e309a11d7f2612f44dde450b5c157aa5f95c05.js?body=1" for ::1 at 2015-07-07 14:45:27 -0400


Started GET "/assets/application.self-3b8dabdc891efe46b9a144b400ad69e37d7e5876bdc39dee783419a69d7ca819.js?body=1" for ::1 at 2015-07-07 14:45:27 -0400


Started POST "/restaurants/1/reservations" for ::1 at 2015-07-07 14:45:37 -0400
Processing by ReservationsController#create as HTML
  Parameters: {"utf8"=>"✓", "authenticity_token"=>"tMfSCI9cwzXTOzk1ujSaxEs6GXpP5Gajif7IRnCNNGq3gI4YFVKSFbChV/0ibRU1C724CPaiIyAc3CG62ER74g==", "reservation"=>{"party_size"=>"10", "date_time(1i)"=>"2015", "date_time(2i)"=>"7", "date_time(3i)"=>"7", "date_time(4i)"=>"18", "date_time(5i)"=>"45"}, "commit"=>"Make yo reservation", "restaurant_id"=>"1"}
  [1m[35m (0.1ms)[0m  begin transaction
  [1m[36m (0.1ms)[0m  [1mrollback transaction[0m
Completed 500 Internal Server Error in 3ms (ActiveRecord: 0.1ms)

NameError (undefined local variable or method `restaurant' for #<Reservation:0x007ff58413b358>):
  app/models/reservation.rb:6:in `can_reserve'
  app/controllers/reservations_controller.rb:11:in `create'


  Rendered /Users/isha/.rbenv/versions/2.2.1/lib/ruby/gems/2.2.0/gems/actionpack-4.2.2/lib/action_dispatch/middleware/templates/rescues/_source.erb (12.6ms)
  Rendered /Users/isha/.rbenv/versions/2.2.1/lib/ruby/gems/2.2.0/gems/actionpack-4.2.2/lib/action_dispatch/middleware/templates/rescues/_trace.html.erb (2.5ms)
  Rendered /Users/isha/.rbenv/versions/2.2.1/lib/ruby/gems/2.2.0/gems/actionpack-4.2.2/lib/action_dispatch/middleware/templates/rescues/_request_and_response.html.erb (1.0ms)
  Rendered /Users/isha/.rbenv/versions/2.2.1/lib/ruby/gems/2.2.0/gems/actionpack-4.2.2/lib/action_dispatch/middleware/templates/rescues/diagnostics.html.erb within rescues/layout (69.3ms)
  Rendered /Users/isha/.rbenv/versions/2.2.1/lib/ruby/gems/2.2.0/gems/web-console-2.1.3/lib/web_console/templates/_markup.html.erb (0.4ms)
  Rendered /Users/isha/.rbenv/versions/2.2.1/lib/ruby/gems/2.2.0/gems/web-console-2.1.3/lib/web_console/templates/style.css.erb within layouts/inlined_string (0.3ms)
  Rendered /Users/isha/.rbenv/versions/2.2.1/lib/ruby/gems/2.2.0/gems/web-console-2.1.3/lib/web_console/templates/_inner_console_markup.html.erb within layouts/inlined_string (0.4ms)
  Rendered /Users/isha/.rbenv/versions/2.2.1/lib/ruby/gems/2.2.0/gems/web-console-2.1.3/lib/web_console/templates/_prompt_box_markup.html.erb within layouts/inlined_string (0.3ms)
  Rendered /Users/isha/.rbenv/versions/2.2.1/lib/ruby/gems/2.2.0/gems/web-console-2.1.3/lib/web_console/templates/console.js.erb within layouts/javascript (65.9ms)
  Rendered /Users/isha/.rbenv/versions/2.2.1/lib/ruby/gems/2.2.0/gems/web-console-2.1.3/lib/web_console/templates/main.js.erb within layouts/javascript (0.3ms)
  Rendered /Users/isha/.rbenv/versions/2.2.1/lib/ruby/gems/2.2.0/gems/web-console-2.1.3/lib/web_console/templates/error_page.js.erb within layouts/javascript (0.5ms)
  Rendered /Users/isha/.rbenv/versions/2.2.1/lib/ruby/gems/2.2.0/gems/web-console-2.1.3/lib/web_console/templates/index.html.erb (138.4ms)


Started GET "/restaurants/1" for ::1 at 2015-07-07 14:47:14 -0400
Processing by RestaurantsController#show as HTML
  Parameters: {"id"=>"1"}
  [1m[35mRestaurant Load (0.2ms)[0m  SELECT  "restaurants".* FROM "restaurants" WHERE "restaurants"."id" = ? LIMIT 1  [["id", 1]]
  Rendered restaurants/show.html.erb within layouts/application (3.7ms)
Completed 200 OK in 96ms (Views: 58.0ms | ActiveRecord: 1.5ms)


Started POST "/restaurants/1/reservations" for ::1 at 2015-07-07 14:47:18 -0400
Processing by ReservationsController#create as HTML
  Parameters: {"utf8"=>"✓", "authenticity_token"=>"rfqAde6XwIsDrF7XT5CS87BBaJFHJUO05hHlZauBfTCuvdxldJmRq2A2MB/XyR0C8MbJ4/5jBjdzMwyZA0gyuA==", "reservation"=>{"party_size"=>"10", "date_time(1i)"=>"2015", "date_time(2i)"=>"7", "date_time(3i)"=>"7", "date_time(4i)"=>"18", "date_time(5i)"=>"47"}, "commit"=>"Make yo reservation", "restaurant_id"=>"1"}
  [1m[36m (0.1ms)[0m  [1mbegin transaction[0m
  [1m[35mRestaurant Load (0.3ms)[0m  SELECT  "restaurants".* FROM "restaurants" WHERE "restaurants"."id" = ? LIMIT 1  [["id", 1]]
  [1m[36m (0.3ms)[0m  [1mSELECT SUM("reservations"."party_size") FROM "reservations" WHERE "reservations"."restaurant_id" = ? AND "reservations"."date_time" = '2015-07-07 18:47:00.000000'[0m  [["restaurant_id", 1]]
  [1m[35m (0.1ms)[0m  rollback transaction
Completed 500 Internal Server Error in 54ms (ActiveRecord: 0.8ms)

ArgumentError (comparison of Fixnum with nil failed):
  app/models/reservation.rb:12:in `<='
  app/models/reservation.rb:12:in `can_reserve'
  app/controllers/reservations_controller.rb:11:in `create'


  Rendered /Users/isha/.rbenv/versions/2.2.1/lib/ruby/gems/2.2.0/gems/actionpack-4.2.2/lib/action_dispatch/middleware/templates/rescues/_source.erb (5.8ms)
  Rendered /Users/isha/.rbenv/versions/2.2.1/lib/ruby/gems/2.2.0/gems/actionpack-4.2.2/lib/action_dispatch/middleware/templates/rescues/_trace.html.erb (3.2ms)
  Rendered /Users/isha/.rbenv/versions/2.2.1/lib/ruby/gems/2.2.0/gems/actionpack-4.2.2/lib/action_dispatch/middleware/templates/rescues/_request_and_response.html.erb (1.1ms)
  Rendered /Users/isha/.rbenv/versions/2.2.1/lib/ruby/gems/2.2.0/gems/actionpack-4.2.2/lib/action_dispatch/middleware/templates/rescues/diagnostics.html.erb within rescues/layout (61.9ms)
  Rendered /Users/isha/.rbenv/versions/2.2.1/lib/ruby/gems/2.2.0/gems/web-console-2.1.3/lib/web_console/templates/_markup.html.erb (0.4ms)
  Rendered /Users/isha/.rbenv/versions/2.2.1/lib/ruby/gems/2.2.0/gems/web-console-2.1.3/lib/web_console/templates/style.css.erb within layouts/inlined_string (0.3ms)
  Rendered /Users/isha/.rbenv/versions/2.2.1/lib/ruby/gems/2.2.0/gems/web-console-2.1.3/lib/web_console/templates/_inner_console_markup.html.erb within layouts/inlined_string (0.5ms)
  Rendered /Users/isha/.rbenv/versions/2.2.1/lib/ruby/gems/2.2.0/gems/web-console-2.1.3/lib/web_console/templates/_prompt_box_markup.html.erb within layouts/inlined_string (0.4ms)
  Rendered /Users/isha/.rbenv/versions/2.2.1/lib/ruby/gems/2.2.0/gems/web-console-2.1.3/lib/web_console/templates/console.js.erb within layouts/javascript (58.3ms)
  Rendered /Users/isha/.rbenv/versions/2.2.1/lib/ruby/gems/2.2.0/gems/web-console-2.1.3/lib/web_console/templates/main.js.erb within layouts/javascript (0.4ms)
  Rendered /Users/isha/.rbenv/versions/2.2.1/lib/ruby/gems/2.2.0/gems/web-console-2.1.3/lib/web_console/templates/error_page.js.erb within layouts/javascript (1.0ms)
  Rendered /Users/isha/.rbenv/versions/2.2.1/lib/ruby/gems/2.2.0/gems/web-console-2.1.3/lib/web_console/templates/index.html.erb (126.8ms)
  [1m[36mRestaurant Load (1.6ms)[0m  [1mSELECT "restaurants".* FROM "restaurants"[0m
  [1m[35mRestaurant Load (0.3ms)[0m  SELECT "restaurants".* FROM "restaurants"
  [1m[36m (0.2ms)[0m  [1mbegin transaction[0m
  [1m[35mSQL (0.5ms)[0m  DELETE FROM "restaurants" WHERE "restaurants"."id" = ?  [["id", 1]]
  [1m[36m (2.8ms)[0m  [1mcommit transaction[0m
  [1m[35m (0.2ms)[0m  begin transaction
  [1m[36mSQL (0.4ms)[0m  [1mDELETE FROM "restaurants" WHERE "restaurants"."id" = ?[0m  [["id", 2]]
  [1m[35m (2.8ms)[0m  commit transaction
  [1m[36m (0.1ms)[0m  [1mbegin transaction[0m
  [1m[35mSQL (0.3ms)[0m  DELETE FROM "restaurants" WHERE "restaurants"."id" = ?  [["id", 3]]
  [1m[36m (2.7ms)[0m  [1mcommit transaction[0m
  [1m[35m (0.1ms)[0m  begin transaction
  [1m[36mSQL (0.4ms)[0m  [1mDELETE FROM "restaurants" WHERE "restaurants"."id" = ?[0m  [["id", 4]]
  [1m[35m (2.8ms)[0m  commit transaction
  [1m[36mActiveRecord::SchemaMigration Load (0.1ms)[0m  [1mSELECT "schema_migrations".* FROM "schema_migrations"[0m
  [1m[35m (0.1ms)[0m  begin transaction
  [1m[36mSQL (0.4ms)[0m  [1mINSERT INTO "restaurants" ("name", "address", "price_range", "capacity", "created_at", "updated_at") VALUES (?, ?, ?, ?, ?, ?)[0m  [["name", "Jimmys"], ["address", "100 College St."], ["price_range", "$$"], ["capacity", 30], ["created_at", "2015-07-07 18:49:02.267637"], ["updated_at", "2015-07-07 18:49:02.267637"]]
  [1m[35m (2.6ms)[0m  commit transaction
  [1m[36m (0.1ms)[0m  [1mbegin transaction[0m
  [1m[35mSQL (0.4ms)[0m  INSERT INTO "restaurants" ("name", "address", "price_range", "capacity", "created_at", "updated_at") VALUES (?, ?, ?, ?, ?, ?)  [["name", "Ayshas"], ["address", "super far away St."], ["price_range", "$$$"], ["capacity", 20], ["created_at", "2015-07-07 18:49:02.274398"], ["updated_at", "2015-07-07 18:49:02.274398"]]
  [1m[36m (2.7ms)[0m  [1mcommit transaction[0m


Started GET "/restaurants/1/" for ::1 at 2015-07-07 14:49:08 -0400
Processing by RestaurantsController#show as HTML
  Parameters: {"id"=>"1"}
  [1m[36mRestaurant Load (0.1ms)[0m  [1mSELECT  "restaurants".* FROM "restaurants" WHERE "restaurants"."id" = ? LIMIT 1[0m  [["id", 1]]
Completed 404 Not Found in 2ms (ActiveRecord: 0.1ms)

ActiveRecord::RecordNotFound (Couldn't find Restaurant with 'id'=1):
  app/controllers/restaurants_controller.rb:7:in `show'


  Rendered /Users/isha/.rbenv/versions/2.2.1/lib/ruby/gems/2.2.0/gems/actionpack-4.2.2/lib/action_dispatch/middleware/templates/rescues/_source.erb (4.4ms)
  Rendered /Users/isha/.rbenv/versions/2.2.1/lib/ruby/gems/2.2.0/gems/actionpack-4.2.2/lib/action_dispatch/middleware/templates/rescues/_trace.html.erb (4.1ms)
  Rendered /Users/isha/.rbenv/versions/2.2.1/lib/ruby/gems/2.2.0/gems/actionpack-4.2.2/lib/action_dispatch/middleware/templates/rescues/_request_and_response.html.erb (1.0ms)
  Rendered /Users/isha/.rbenv/versions/2.2.1/lib/ruby/gems/2.2.0/gems/actionpack-4.2.2/lib/action_dispatch/middleware/templates/rescues/diagnostics.html.erb within rescues/layout (73.1ms)
  Rendered /Users/isha/.rbenv/versions/2.2.1/lib/ruby/gems/2.2.0/gems/web-console-2.1.3/lib/web_console/templates/_markup.html.erb (0.4ms)
  Rendered /Users/isha/.rbenv/versions/2.2.1/lib/ruby/gems/2.2.0/gems/web-console-2.1.3/lib/web_console/templates/style.css.erb within layouts/inlined_string (0.5ms)
  Rendered /Users/isha/.rbenv/versions/2.2.1/lib/ruby/gems/2.2.0/gems/web-console-2.1.3/lib/web_console/templates/_inner_console_markup.html.erb within layouts/inlined_string (0.3ms)
  Rendered /Users/isha/.rbenv/versions/2.2.1/lib/ruby/gems/2.2.0/gems/web-console-2.1.3/lib/web_console/templates/_prompt_box_markup.html.erb within layouts/inlined_string (0.3ms)
  Rendered /Users/isha/.rbenv/versions/2.2.1/lib/ruby/gems/2.2.0/gems/web-console-2.1.3/lib/web_console/templates/console.js.erb within layouts/javascript (55.8ms)
  Rendered /Users/isha/.rbenv/versions/2.2.1/lib/ruby/gems/2.2.0/gems/web-console-2.1.3/lib/web_console/templates/main.js.erb within layouts/javascript (0.3ms)
  Rendered /Users/isha/.rbenv/versions/2.2.1/lib/ruby/gems/2.2.0/gems/web-console-2.1.3/lib/web_console/templates/error_page.js.erb within layouts/javascript (0.4ms)
  Rendered /Users/isha/.rbenv/versions/2.2.1/lib/ruby/gems/2.2.0/gems/web-console-2.1.3/lib/web_console/templates/index.html.erb (121.9ms)


Started GET "/restaurants/" for ::1 at 2015-07-07 14:49:29 -0400
Processing by RestaurantsController#index as HTML
  [1m[35mRestaurant Load (0.2ms)[0m  SELECT "restaurants".* FROM "restaurants"
  Rendered restaurants/index.html.erb within layouts/application (1.3ms)
Completed 200 OK in 51ms (Views: 50.1ms | ActiveRecord: 0.2ms)


Started GET "/restaurants/5" for ::1 at 2015-07-07 14:49:31 -0400
Processing by RestaurantsController#show as HTML
  Parameters: {"id"=>"5"}
  [1m[36mRestaurant Load (0.1ms)[0m  [1mSELECT  "restaurants".* FROM "restaurants" WHERE "restaurants"."id" = ? LIMIT 1[0m  [["id", 5]]
  Rendered restaurants/show.html.erb within layouts/application (3.2ms)
Completed 200 OK in 51ms (Views: 50.3ms | ActiveRecord: 0.1ms)
  [1m[36m (3.5ms)[0m  [1mCREATE TABLE "reservations" ("id" INTEGER PRIMARY KEY AUTOINCREMENT NOT NULL, "date_time" datetime, "party_size" integer, "user_id" integer, "restaurant_id" integer, "created_at" datetime NOT NULL, "updated_at" datetime NOT NULL) [0m
  [1m[35m (3.1ms)[0m  CREATE TABLE "restaurants" ("id" INTEGER PRIMARY KEY AUTOINCREMENT NOT NULL, "name" varchar, "price_range" varchar, "address" varchar, "summary" text, "created_at" datetime NOT NULL, "updated_at" datetime NOT NULL, "capacity" integer) 
  [1m[36m (3.1ms)[0m  [1mCREATE TABLE "users" ("id" INTEGER PRIMARY KEY AUTOINCREMENT NOT NULL, "firstname" varchar, "lastname" varchar, "email" varchar, "password_digest" varchar, "created_at" datetime NOT NULL, "updated_at" datetime NOT NULL) [0m
  [1m[35m (1.8ms)[0m  CREATE TABLE "schema_migrations" ("version" varchar NOT NULL) 
  [1m[36m (0.1ms)[0m  [1mselect sqlite_version(*)[0m
  [1m[35m (7.0ms)[0m  CREATE UNIQUE INDEX "unique_schema_migrations" ON "schema_migrations" ("version")
  [1m[36m (0.4ms)[0m  [1mSELECT version FROM "schema_migrations"[0m
  [1m[35m (2.9ms)[0m  INSERT INTO "schema_migrations" (version) VALUES ('20150707184245')
  [1m[36m (3.9ms)[0m  [1mINSERT INTO "schema_migrations" (version) VALUES ('20150702213023')[0m
  [1m[35m (3.8ms)[0m  INSERT INTO "schema_migrations" (version) VALUES ('20150702213428')
  [1m[36m (4.0ms)[0m  [1mINSERT INTO "schema_migrations" (version) VALUES ('20150702214839')[0m
  [1m[35m (4.0ms)[0m  INSERT INTO "schema_migrations" (version) VALUES ('20150705192842')
  [1m[36m (3.9ms)[0m  [1mINSERT INTO "schema_migrations" (version) VALUES ('20150707184157')[0m
  [1m[35m (3.2ms)[0m  CREATE TABLE "reservations" ("id" INTEGER PRIMARY KEY AUTOINCREMENT NOT NULL, "date_time" datetime, "party_size" integer, "user_id" integer, "restaurant_id" integer, "created_at" datetime NOT NULL, "updated_at" datetime NOT NULL) 
  [1m[36m (3.7ms)[0m  [1mCREATE TABLE "restaurants" ("id" INTEGER PRIMARY KEY AUTOINCREMENT NOT NULL, "name" varchar, "price_range" varchar, "address" varchar, "summary" text, "created_at" datetime NOT NULL, "updated_at" datetime NOT NULL, "capacity" integer) [0m
  [1m[35m (3.1ms)[0m  CREATE TABLE "users" ("id" INTEGER PRIMARY KEY AUTOINCREMENT NOT NULL, "firstname" varchar, "lastname" varchar, "email" varchar, "password_digest" varchar, "created_at" datetime NOT NULL, "updated_at" datetime NOT NULL) 
  [1m[36m (3.2ms)[0m  [1mCREATE TABLE "schema_migrations" ("version" varchar NOT NULL) [0m
  [1m[35m (0.1ms)[0m  select sqlite_version(*)
  [1m[36m (3.0ms)[0m  [1mCREATE UNIQUE INDEX "unique_schema_migrations" ON "schema_migrations" ("version")[0m
  [1m[35m (0.2ms)[0m  SELECT version FROM "schema_migrations"
  [1m[36m (3.7ms)[0m  [1mINSERT INTO "schema_migrations" (version) VALUES ('20150707184245')[0m
  [1m[35m (3.6ms)[0m  INSERT INTO "schema_migrations" (version) VALUES ('20150702213023')
  [1m[36m (3.9ms)[0m  [1mINSERT INTO "schema_migrations" (version) VALUES ('20150702213428')[0m
  [1m[35m (1.5ms)[0m  INSERT INTO "schema_migrations" (version) VALUES ('20150702214839')
  [1m[36m (1.8ms)[0m  [1mINSERT INTO "schema_migrations" (version) VALUES ('20150705192842')[0m
  [1m[35m (1.5ms)[0m  INSERT INTO "schema_migrations" (version) VALUES ('20150707184157')
  [1m[36mActiveRecord::SchemaMigration Load (0.2ms)[0m  [1mSELECT "schema_migrations".* FROM "schema_migrations"[0m
  [1m[35m (0.1ms)[0m  begin transaction
  [1m[36mSQL (0.5ms)[0m  [1mINSERT INTO "restaurants" ("name", "address", "price_range", "capacity", "created_at", "updated_at") VALUES (?, ?, ?, ?, ?, ?)[0m  [["name", "Jimmys"], ["address", "100 College St."], ["price_range", "$$"], ["capacity", 30], ["created_at", "2015-07-07 18:49:54.593686"], ["updated_at", "2015-07-07 18:49:54.593686"]]
  [1m[35m (2.6ms)[0m  commit transaction
  [1m[36m (0.1ms)[0m  [1mbegin transaction[0m
  [1m[35mSQL (0.9ms)[0m  INSERT INTO "restaurants" ("name", "address", "price_range", "capacity", "created_at", "updated_at") VALUES (?, ?, ?, ?, ?, ?)  [["name", "Ayshas"], ["address", "super far away St."], ["price_range", "$$$"], ["capacity", 20], ["created_at", "2015-07-07 18:49:54.602808"], ["updated_at", "2015-07-07 18:49:54.602808"]]
  [1m[36m (2.9ms)[0m  [1mcommit transaction[0m
  [1m[36mActiveRecord::SchemaMigration Load (0.1ms)[0m  [1mSELECT "schema_migrations".* FROM "schema_migrations"[0m
  [1m[35mActiveRecord::SchemaMigration Load (0.1ms)[0m  SELECT "schema_migrations".* FROM "schema_migrations"
  [1m[36mActiveRecord::SchemaMigration Load (0.1ms)[0m  [1mSELECT "schema_migrations".* FROM "schema_migrations"[0m
  [1m[35m (0.1ms)[0m  begin transaction
  [1m[36mSQL (0.4ms)[0m  [1mINSERT INTO "restaurants" ("name", "address", "price_range", "capacity", "created_at", "updated_at") VALUES (?, ?, ?, ?, ?, ?)[0m  [["name", "Jimmys"], ["address", "100 College St."], ["price_range", "$$"], ["capacity", 30], ["created_at", "2015-07-07 18:50:21.059998"], ["updated_at", "2015-07-07 18:50:21.059998"]]
  [1m[35m (2.5ms)[0m  commit transaction
  [1m[36m (0.1ms)[0m  [1mbegin transaction[0m
  [1m[35mSQL (0.2ms)[0m  INSERT INTO "restaurants" ("name", "address", "price_range", "capacity", "created_at", "updated_at") VALUES (?, ?, ?, ?, ?, ?)  [["name", "Ayshas"], ["address", "super far away St."], ["price_range", "$$$"], ["capacity", 20], ["created_at", "2015-07-07 18:50:21.066785"], ["updated_at", "2015-07-07 18:50:21.066785"]]
  [1m[36m (5.5ms)[0m  [1mcommit transaction[0m


Started GET "/" for ::1 at 2015-07-07 14:50:25 -0400
Processing by WelcomeController#index as HTML
  Rendered welcome/index.html.erb within layouts/application (0.2ms)
Completed 200 OK in 50ms (Views: 49.5ms | ActiveRecord: 0.0ms)


Started GET "/users/new" for ::1 at 2015-07-07 14:50:27 -0400
Processing by UsersController#new as HTML
  Rendered users/new.html.erb within layouts/application (9.3ms)
Completed 200 OK in 77ms (Views: 69.3ms | ActiveRecord: 0.5ms)


Started POST "/users" for ::1 at 2015-07-07 14:50:34 -0400
Processing by UsersController#create as HTML
  Parameters: {"utf8"=>"✓", "authenticity_token"=>"p1jvRyND/ZjrfBdYAtPY7fShgAiqQVljsOgswCI44nikH7NXuU2suIjmeZCailcctCYhehMHHOAlysU8ivGt8A==", "user"=>{"firstname"=>"a", "lastname"=>"a", "email"=>"a", "password"=>"[FILTERED]", "password_confirmation"=>"[FILTERED]"}, "commit"=>"Create User"}
  [1m[35m (0.1ms)[0m  begin transaction
  [1m[36mSQL (0.3ms)[0m  [1mINSERT INTO "users" ("firstname", "lastname", "email", "password_digest", "created_at", "updated_at") VALUES (?, ?, ?, ?, ?, ?)[0m  [["firstname", "a"], ["lastname", "a"], ["email", "a"], ["password_digest", "$2a$10$wZIvVAnBUr2L/k1Iq9K2R.gtMLzOx2dLCxBX90NS7/sFNKmYwA./W"], ["created_at", "2015-07-07 18:50:34.623687"], ["updated_at", "2015-07-07 18:50:34.623687"]]
  [1m[35m (2.6ms)[0m  commit transaction
Redirected to http://localhost:3000/sessions/new
Completed 302 Found in 92ms (ActiveRecord: 3.0ms)


Started GET "/sessions/new" for ::1 at 2015-07-07 14:50:34 -0400
Processing by SessionsController#new as HTML
  Rendered sessions/new.html.erb within layouts/application (1.1ms)
Completed 200 OK in 45ms (Views: 43.9ms | ActiveRecord: 0.0ms)


Started POST "/sessions" for ::1 at 2015-07-07 14:50:38 -0400
Processing by SessionsController#create as HTML
  Parameters: {"utf8"=>"✓", "authenticity_token"=>"mdjFDDfN0oXDhSu1iEyV1tO0CTCton1+QH2LKF0ywoOan5kcrcODpaAfRX0QFRonkzOoQhTkOP3VX2LU9fuNCw==", "email"=>"a", "password"=>"[FILTERED]", "commit"=>"LOG IN NAO"}
  [1m[36mUser Load (0.2ms)[0m  [1mSELECT  "users".* FROM "users" WHERE "users"."email" = ? LIMIT 1[0m  [["email", "a"]]
Redirected to http://localhost:3000/restaurants
Completed 302 Found in 86ms (ActiveRecord: 0.2ms)


Started GET "/restaurants" for ::1 at 2015-07-07 14:50:38 -0400
Processing by RestaurantsController#index as HTML
  [1m[35mRestaurant Load (0.2ms)[0m  SELECT "restaurants".* FROM "restaurants"
  Rendered restaurants/index.html.erb within layouts/application (5.0ms)
Completed 200 OK in 57ms (Views: 54.2ms | ActiveRecord: 0.4ms)


Started GET "/restaurants/1" for ::1 at 2015-07-07 14:50:51 -0400
Processing by RestaurantsController#show as HTML
  Parameters: {"id"=>"1"}
  [1m[36mRestaurant Load (0.2ms)[0m  [1mSELECT  "restaurants".* FROM "restaurants" WHERE "restaurants"."id" = ? LIMIT 1[0m  [["id", 1]]
  Rendered restaurants/show.html.erb within layouts/application (4.1ms)
Completed 200 OK in 67ms (Views: 59.2ms | ActiveRecord: 0.4ms)


Started POST "/restaurants/1/reservations" for ::1 at 2015-07-07 14:50:56 -0400
Processing by ReservationsController#create as HTML
  Parameters: {"utf8"=>"✓", "authenticity_token"=>"/KgwubiqNzC05NQCn7GLztVc+FUtoqEScRvpgZiQlD//72ypIqRmENd+usoH6AQ/ldtZJ5Tk5JHkOQB9MFnbtw==", "reservation"=>{"party_size"=>"10", "date_time(1i)"=>"2015", "date_time(2i)"=>"7", "date_time(3i)"=>"7", "date_time(4i)"=>"18", "date_time(5i)"=>"50"}, "commit"=>"Make yo reservation", "restaurant_id"=>"1"}
  [1m[35m (0.1ms)[0m  begin transaction
  [1m[36mRestaurant Load (0.1ms)[0m  [1mSELECT  "restaurants".* FROM "restaurants" WHERE "restaurants"."id" = ? LIMIT 1[0m  [["id", 1]]
  [1m[35m (0.1ms)[0m  SELECT SUM("reservations"."party_size") FROM "reservations" WHERE "reservations"."restaurant_id" = ? AND "reservations"."date_time" = '2015-07-07 18:50:00.000000'  [["restaurant_id", 1]]
  [1m[36mSQL (0.3ms)[0m  [1mINSERT INTO "reservations" ("party_size", "date_time", "user_id", "restaurant_id", "created_at", "updated_at") VALUES (?, ?, ?, ?, ?, ?)[0m  [["party_size", 10], ["date_time", "2015-07-07 18:50:00.000000"], ["user_id", 1], ["restaurant_id", 1], ["created_at", "2015-07-07 18:50:56.812133"], ["updated_at", "2015-07-07 18:50:56.812133"]]
  [1m[35m (2.7ms)[0m  commit transaction
  Rendered reservations/create.html.erb within layouts/application (0.1ms)
Completed 200 OK in 71ms (Views: 58.2ms | ActiveRecord: 3.3ms)
  [1m[36mReservation Load (0.3ms)[0m  [1mSELECT  "reservations".* FROM "reservations"  ORDER BY "reservations"."id" DESC LIMIT 1[0m


Started GET "/restaurants/1" for ::1 at 2015-07-07 14:51:35 -0400
Processing by RestaurantsController#show as HTML
  Parameters: {"id"=>"1"}
  [1m[36mRestaurant Load (0.1ms)[0m  [1mSELECT  "restaurants".* FROM "restaurants" WHERE "restaurants"."id" = ? LIMIT 1[0m  [["id", 1]]
  Rendered restaurants/show.html.erb within layouts/application (4.4ms)
Completed 200 OK in 56ms (Views: 54.6ms | ActiveRecord: 0.1ms)


Started POST "/restaurants/1/reservations" for ::1 at 2015-07-07 14:51:38 -0400
Processing by ReservationsController#create as HTML
  Parameters: {"utf8"=>"✓", "authenticity_token"=>"9GaqyYNJJ21o1rQcyyNGVMUQzubZyAcOB+Z3/khXtMH3IfbZGUd2TQtM2tRTesmlhZdvlGCOQo2SxJ4C4J77SQ==", "reservation"=>{"party_size"=>"50", "date_time(1i)"=>"2015", "date_time(2i)"=>"7", "date_time(3i)"=>"7", "date_time(4i)"=>"18", "date_time(5i)"=>"51"}, "commit"=>"Make yo reservation", "restaurant_id"=>"1"}
  [1m[35m (0.1ms)[0m  begin transaction
  [1m[36mRestaurant Load (0.1ms)[0m  [1mSELECT  "restaurants".* FROM "restaurants" WHERE "restaurants"."id" = ? LIMIT 1[0m  [["id", 1]]
  [1m[35m (0.1ms)[0m  SELECT SUM("reservations"."party_size") FROM "reservations" WHERE "reservations"."restaurant_id" = ? AND "reservations"."date_time" = '2015-07-07 18:51:00.000000'  [["restaurant_id", 1]]
  [1m[36mSQL (0.2ms)[0m  [1mINSERT INTO "reservations" ("party_size", "date_time", "user_id", "restaurant_id", "created_at", "updated_at") VALUES (?, ?, ?, ?, ?, ?)[0m  [["party_size", 50], ["date_time", "2015-07-07 18:51:00.000000"], ["user_id", 1], ["restaurant_id", 1], ["created_at", "2015-07-07 18:51:38.905551"], ["updated_at", "2015-07-07 18:51:38.905551"]]
  [1m[35m (2.4ms)[0m  commit transaction
  Rendered reservations/create.html.erb within layouts/application (0.1ms)
Completed 200 OK in 50ms (Views: 42.2ms | ActiveRecord: 2.9ms)


Started GET "/restaurants" for ::1 at 2015-07-07 14:51:43 -0400
Processing by RestaurantsController#index as HTML
  [1m[36mRestaurant Load (0.2ms)[0m  [1mSELECT "restaurants".* FROM "restaurants"[0m
  Rendered restaurants/index.html.erb within layouts/application (1.1ms)
Completed 200 OK in 55ms (Views: 53.8ms | ActiveRecord: 0.2ms)


Started GET "/restaurants/1" for ::1 at 2015-07-07 14:51:44 -0400
Processing by RestaurantsController#show as HTML
  Parameters: {"id"=>"1"}
  [1m[35mRestaurant Load (0.1ms)[0m  SELECT  "restaurants".* FROM "restaurants" WHERE "restaurants"."id" = ? LIMIT 1  [["id", 1]]
  Rendered restaurants/show.html.erb within layouts/application (3.5ms)
Completed 200 OK in 48ms (Views: 47.3ms | ActiveRecord: 0.1ms)


Started POST "/restaurants/1/reservations" for ::1 at 2015-07-07 14:51:50 -0400
Processing by ReservationsController#create as HTML
  Parameters: {"utf8"=>"✓", "authenticity_token"=>"ePmCfF0J5GHCIp7U/k22o3Q6hE7L7K6JmzxO6KjlUSB7vt5sxwe1QaG48BxmFDlSNL0lPHKq6woOHqcUACweqA==", "reservation"=>{"party_size"=>"40", "date_time(1i)"=>"2015", "date_time(2i)"=>"7", "date_time(3i)"=>"7", "date_time(4i)"=>"18", "date_time(5i)"=>"51"}, "commit"=>"Make yo reservation", "restaurant_id"=>"1"}
  [1m[36m (0.1ms)[0m  [1mbegin transaction[0m
  [1m[35mRestaurant Load (0.1ms)[0m  SELECT  "restaurants".* FROM "restaurants" WHERE "restaurants"."id" = ? LIMIT 1  [["id", 1]]
  [1m[36m (0.1ms)[0m  [1mSELECT SUM("reservations"."party_size") FROM "reservations" WHERE "reservations"."restaurant_id" = ? AND "reservations"."date_time" = '2015-07-07 18:51:00.000000'[0m  [["restaurant_id", 1]]
  [1m[35mSQL (0.2ms)[0m  INSERT INTO "reservations" ("party_size", "date_time", "user_id", "restaurant_id", "created_at", "updated_at") VALUES (?, ?, ?, ?, ?, ?)  [["party_size", 40], ["date_time", "2015-07-07 18:51:00.000000"], ["user_id", 1], ["restaurant_id", 1], ["created_at", "2015-07-07 18:51:50.219715"], ["updated_at", "2015-07-07 18:51:50.219715"]]
  [1m[36m (2.6ms)[0m  [1mcommit transaction[0m
  Rendered reservations/create.html.erb within layouts/application (0.1ms)
Completed 200 OK in 54ms (Views: 45.0ms | ActiveRecord: 3.0ms)


Started GET "/restaurants" for ::1 at 2015-07-07 14:51:52 -0400
Processing by RestaurantsController#index as HTML
  [1m[35mRestaurant Load (0.2ms)[0m  SELECT "restaurants".* FROM "restaurants"
  Rendered restaurants/index.html.erb within layouts/application (1.1ms)
Completed 200 OK in 50ms (Views: 49.0ms | ActiveRecord: 0.2ms)


Started GET "/restaurants/1" for ::1 at 2015-07-07 14:51:54 -0400
Processing by RestaurantsController#show as HTML
  Parameters: {"id"=>"1"}
  [1m[36mRestaurant Load (0.1ms)[0m  [1mSELECT  "restaurants".* FROM "restaurants" WHERE "restaurants"."id" = ? LIMIT 1[0m  [["id", 1]]
  Rendered restaurants/show.html.erb within layouts/application (3.6ms)
Completed 200 OK in 56ms (Views: 48.1ms | ActiveRecord: 0.1ms)


Started POST "/restaurants/1/reservations" for ::1 at 2015-07-07 14:51:57 -0400
Processing by ReservationsController#create as HTML
  Parameters: {"utf8"=>"✓", "authenticity_token"=>"xbS4U6hFTXGHuaDZpFYNNJ9vE5TS4U0o1jAemuQicr/G8+RDMkscUeQjzhE8D4LF3+iy5munCKtDEvdmTOs9Nw==", "reservation"=>{"party_size"=>"2", "date_time(1i)"=>"2015", "date_time(2i)"=>"7", "date_time(3i)"=>"7", "date_time(4i)"=>"18", "date_time(5i)"=>"51"}, "commit"=>"Make yo reservation", "restaurant_id"=>"1"}
  [1m[35m (0.1ms)[0m  begin transaction
  [1m[36mRestaurant Load (0.1ms)[0m  [1mSELECT  "restaurants".* FROM "restaurants" WHERE "restaurants"."id" = ? LIMIT 1[0m  [["id", 1]]
  [1m[35m (0.1ms)[0m  SELECT SUM("reservations"."party_size") FROM "reservations" WHERE "reservations"."restaurant_id" = ? AND "reservations"."date_time" = '2015-07-07 18:51:00.000000'  [["restaurant_id", 1]]
  [1m[36mSQL (0.2ms)[0m  [1mINSERT INTO "reservations" ("party_size", "date_time", "user_id", "restaurant_id", "created_at", "updated_at") VALUES (?, ?, ?, ?, ?, ?)[0m  [["party_size", 2], ["date_time", "2015-07-07 18:51:00.000000"], ["user_id", 1], ["restaurant_id", 1], ["created_at", "2015-07-07 18:51:57.542173"], ["updated_at", "2015-07-07 18:51:57.542173"]]
  [1m[35m (2.5ms)[0m  commit transaction
  Rendered reservations/create.html.erb within layouts/application (0.0ms)
Completed 200 OK in 60ms (Views: 52.2ms | ActiveRecord: 3.0ms)
  [1m[35mReservation Load (0.4ms)[0m  SELECT "reservations".* FROM "reservations"


Started GET "/" for ::1 at 2015-07-07 15:01:02 -0400
Processing by WelcomeController#index as HTML
  Rendered welcome/index.html.erb within layouts/application (0.3ms)
Completed 200 OK in 98ms (Views: 97.4ms | ActiveRecord: 0.0ms)


Started GET "/sessions/new" for ::1 at 2015-07-07 15:01:04 -0400
Processing by SessionsController#new as HTML
  Rendered sessions/new.html.erb within layouts/application (0.6ms)
Completed 200 OK in 57ms (Views: 55.9ms | ActiveRecord: 0.0ms)


Started POST "/sessions" for ::1 at 2015-07-07 15:01:07 -0400
Processing by SessionsController#create as HTML
  Parameters: {"utf8"=>"✓", "authenticity_token"=>"KPKOEeHO+x94O09D7ZT6Cf0C/nWbNqWZeq9yXFLduIcrtdIBe8CqPxuhIYt1zXX4vYVfByJw4BrvjZug+hT3Dw==", "email"=>"a", "password"=>"[FILTERED]", "commit"=>"LOG IN NAO"}
  [1m[36mUser Load (0.3ms)[0m  [1mSELECT  "users".* FROM "users" WHERE "users"."email" = ? LIMIT 1[0m  [["email", "a"]]
Redirected to http://localhost:3000/restaurants
Completed 302 Found in 95ms (ActiveRecord: 0.8ms)


Started GET "/restaurants" for ::1 at 2015-07-07 15:01:07 -0400
Processing by RestaurantsController#index as HTML
  [1m[35mRestaurant Load (0.2ms)[0m  SELECT "restaurants".* FROM "restaurants"
  Rendered restaurants/index.html.erb within layouts/application (5.3ms)
Completed 200 OK in 52ms (Views: 49.3ms | ActiveRecord: 0.5ms)


Started GET "/restaurants/1" for ::1 at 2015-07-07 15:01:09 -0400
Processing by RestaurantsController#show as HTML
  Parameters: {"id"=>"1"}
  [1m[36mRestaurant Load (0.2ms)[0m  [1mSELECT  "restaurants".* FROM "restaurants" WHERE "restaurants"."id" = ? LIMIT 1[0m  [["id", 1]]
  Rendered restaurants/show.html.erb within layouts/application (4.4ms)
Completed 200 OK in 58ms (Views: 50.8ms | ActiveRecord: 0.4ms)


Started POST "/restaurants/1/reservations" for ::1 at 2015-07-07 15:01:12 -0400
Processing by ReservationsController#create as HTML
  Parameters: {"utf8"=>"✓", "authenticity_token"=>"aCVa1XJtLssspguMcwTUMMzUEjBahfKFNHfNxnxuK6trYgbF6GN/6088ZUTrXVvBjFOzQuPDtwahVSQ61KdkIw==", "reservation"=>{"party_size"=>"10", "date_time(1i)"=>"2015", "date_time(2i)"=>"7", "date_time(3i)"=>"7", "date_time(4i)"=>"19", "date_time(5i)"=>"01"}, "commit"=>"Make yo reservation", "restaurant_id"=>"1"}
  [1m[35m (0.1ms)[0m  begin transaction
  [1m[36mRestaurant Load (0.1ms)[0m  [1mSELECT  "restaurants".* FROM "restaurants" WHERE "restaurants"."id" = ? LIMIT 1[0m  [["id", 1]]
  [1m[35m (0.1ms)[0m  SELECT SUM("reservations"."party_size") FROM "reservations" WHERE "reservations"."restaurant_id" = ? AND "reservations"."date_time" = '2015-07-07 19:01:00.000000'  [["restaurant_id", 1]]
  [1m[36mSQL (0.3ms)[0m  [1mINSERT INTO "reservations" ("party_size", "date_time", "user_id", "restaurant_id", "created_at", "updated_at") VALUES (?, ?, ?, ?, ?, ?)[0m  [["party_size", 10], ["date_time", "2015-07-07 19:01:00.000000"], ["user_id", 1], ["restaurant_id", 1], ["created_at", "2015-07-07 19:01:12.698785"], ["updated_at", "2015-07-07 19:01:12.698785"]]
  [1m[35m (5.2ms)[0m  commit transaction
  Rendered reservations/create.html.erb within layouts/application (0.1ms)
Completed 200 OK in 69ms (Views: 54.6ms | ActiveRecord: 5.8ms)


Started GET "/restaurants/1" for ::1 at 2015-07-07 15:01:15 -0400
Processing by RestaurantsController#show as HTML
  Parameters: {"id"=>"1"}
  [1m[36mRestaurant Load (0.1ms)[0m  [1mSELECT  "restaurants".* FROM "restaurants" WHERE "restaurants"."id" = ? LIMIT 1[0m  [["id", 1]]
  Rendered restaurants/show.html.erb within layouts/application (6.2ms)
Completed 200 OK in 51ms (Views: 50.0ms | ActiveRecord: 0.1ms)


Started POST "/restaurants/1/reservations" for ::1 at 2015-07-07 15:01:19 -0400
Processing by ReservationsController#create as HTML
  Parameters: {"utf8"=>"✓", "authenticity_token"=>"i4DfN6dbI9XNFOMU8JoiFfs1L8wvREC71zWwIAxG6naIx4MnPVVy9a6Ojdxow63ku7KOvpYCBThCF1ncpI+l/g==", "reservation"=>{"party_size"=>"20", "date_time(1i)"=>"2015", "date_time(2i)"=>"7", "date_time(3i)"=>"7", "date_time(4i)"=>"19", "date_time(5i)"=>"01"}, "commit"=>"Make yo reservation", "restaurant_id"=>"1"}
  [1m[35m (0.1ms)[0m  begin transaction
  [1m[36mRestaurant Load (0.1ms)[0m  [1mSELECT  "restaurants".* FROM "restaurants" WHERE "restaurants"."id" = ? LIMIT 1[0m  [["id", 1]]
  [1m[35m (0.1ms)[0m  SELECT SUM("reservations"."party_size") FROM "reservations" WHERE "reservations"."restaurant_id" = ? AND "reservations"."date_time" = '2015-07-07 19:01:00.000000'  [["restaurant_id", 1]]
  [1m[36m (0.1ms)[0m  [1mrollback transaction[0m
  Rendered restaurants/show.html.erb within layouts/application (3.1ms)
Completed 500 Internal Server Error in 12ms (ActiveRecord: 0.4ms)

ActionView::Template::Error (undefined method `name' for nil:NilClass):
    1: <h1>Make a Reservation at <%= @restaurant.name %></h1>
    2: 
    3: <%= form_for [@restaurant, @reservation] do |f| %>
    4: <% @reservation.errors.full_messages.each do |msg| %>
  app/views/restaurants/show.html.erb:1:in `_app_views_restaurants_show_html_erb__4027608908958572515_70346269295560'
  app/controllers/reservations_controller.rb:14:in `create'


  Rendered /Users/isha/.rbenv/versions/2.2.1/lib/ruby/gems/2.2.0/gems/actionpack-4.2.2/lib/action_dispatch/middleware/templates/rescues/_source.erb (10.4ms)
  Rendered /Users/isha/.rbenv/versions/2.2.1/lib/ruby/gems/2.2.0/gems/actionpack-4.2.2/lib/action_dispatch/middleware/templates/rescues/_trace.html.erb (2.5ms)
  Rendered /Users/isha/.rbenv/versions/2.2.1/lib/ruby/gems/2.2.0/gems/actionpack-4.2.2/lib/action_dispatch/middleware/templates/rescues/_request_and_response.html.erb (1.1ms)
  Rendered /Users/isha/.rbenv/versions/2.2.1/lib/ruby/gems/2.2.0/gems/actionpack-4.2.2/lib/action_dispatch/middleware/templates/rescues/template_error.html.erb within rescues/layout (86.4ms)
  Rendered /Users/isha/.rbenv/versions/2.2.1/lib/ruby/gems/2.2.0/gems/web-console-2.1.3/lib/web_console/templates/_markup.html.erb (0.4ms)
  Rendered /Users/isha/.rbenv/versions/2.2.1/lib/ruby/gems/2.2.0/gems/web-console-2.1.3/lib/web_console/templates/style.css.erb within layouts/inlined_string (0.4ms)
  Rendered /Users/isha/.rbenv/versions/2.2.1/lib/ruby/gems/2.2.0/gems/web-console-2.1.3/lib/web_console/templates/_inner_console_markup.html.erb within layouts/inlined_string (0.4ms)
  Rendered /Users/isha/.rbenv/versions/2.2.1/lib/ruby/gems/2.2.0/gems/web-console-2.1.3/lib/web_console/templates/_prompt_box_markup.html.erb within layouts/inlined_string (0.4ms)
  Rendered /Users/isha/.rbenv/versions/2.2.1/lib/ruby/gems/2.2.0/gems/web-console-2.1.3/lib/web_console/templates/console.js.erb within layouts/javascript (64.0ms)
  Rendered /Users/isha/.rbenv/versions/2.2.1/lib/ruby/gems/2.2.0/gems/web-console-2.1.3/lib/web_console/templates/main.js.erb within layouts/javascript (0.4ms)
  Rendered /Users/isha/.rbenv/versions/2.2.1/lib/ruby/gems/2.2.0/gems/web-console-2.1.3/lib/web_console/templates/error_page.js.erb within layouts/javascript (0.9ms)
  Rendered /Users/isha/.rbenv/versions/2.2.1/lib/ruby/gems/2.2.0/gems/web-console-2.1.3/lib/web_console/templates/index.html.erb (150.0ms)


Started POST "/restaurants/1/reservations" for ::1 at 2015-07-07 15:03:27 -0400
Processing by ReservationsController#create as HTML
  Parameters: {"utf8"=>"✓", "authenticity_token"=>"i4DfN6dbI9XNFOMU8JoiFfs1L8wvREC71zWwIAxG6naIx4MnPVVy9a6Ojdxow63ku7KOvpYCBThCF1ncpI+l/g==", "reservation"=>{"party_size"=>"20", "date_time(1i)"=>"2015", "date_time(2i)"=>"7", "date_time(3i)"=>"7", "date_time(4i)"=>"19", "date_time(5i)"=>"01"}, "commit"=>"Make yo reservation", "restaurant_id"=>"1"}
  [1m[35mRestaurant Load (0.1ms)[0m  SELECT  "restaurants".* FROM "restaurants" WHERE "restaurants"."id" = ? LIMIT 1  [["id", 1]]
  [1m[36m (0.1ms)[0m  [1mbegin transaction[0m
  [1m[35mRestaurant Load (0.1ms)[0m  SELECT  "restaurants".* FROM "restaurants" WHERE "restaurants"."id" = ? LIMIT 1  [["id", 1]]
  [1m[36m (0.1ms)[0m  [1mSELECT SUM("reservations"."party_size") FROM "reservations" WHERE "reservations"."restaurant_id" = ? AND "reservations"."date_time" = '2015-07-07 19:01:00.000000'[0m  [["restaurant_id", 1]]
  [1m[35m (0.1ms)[0m  rollback transaction
  Rendered restaurants/show.html.erb within layouts/application (4.2ms)
Completed 200 OK in 73ms (Views: 51.0ms | ActiveRecord: 1.3ms)


Started GET "/assets/restaurants.self-e3b0c44298fc1c149afbf4c8996fb92427ae41e4649b934ca495991b7852b855.css?body=1" for ::1 at 2015-07-07 15:03:27 -0400


Started GET "/assets/reservations.self-e3b0c44298fc1c149afbf4c8996fb92427ae41e4649b934ca495991b7852b855.css?body=1" for ::1 at 2015-07-07 15:03:27 -0400


Started GET "/assets/sessions.self-e3b0c44298fc1c149afbf4c8996fb92427ae41e4649b934ca495991b7852b855.css?body=1" for ::1 at 2015-07-07 15:03:27 -0400


Started GET "/assets/application.self-e80e8f2318043e8af94dddc2adad5a4f09739a8ebb323b3ab31cd71d45fd9113.css?body=1" for ::1 at 2015-07-07 15:03:27 -0400


Started GET "/assets/users.self-e3b0c44298fc1c149afbf4c8996fb92427ae41e4649b934ca495991b7852b855.css?body=1" for ::1 at 2015-07-07 15:03:27 -0400


Started GET "/assets/welcome.self-e3b0c44298fc1c149afbf4c8996fb92427ae41e4649b934ca495991b7852b855.css?body=1" for ::1 at 2015-07-07 15:03:27 -0400


Started GET "/assets/jquery.self-d03a5518f45df77341bdbe6201ba3bfa547ebba8ed64f0ea56bfa5f96ea7c074.js?body=1" for ::1 at 2015-07-07 15:03:27 -0400


Started GET "/assets/jquery_ujs.self-ca5248a2fad13d6bd58ea121318d642f195f0b2dd818b30615f785ff365e8d1f.js?body=1" for ::1 at 2015-07-07 15:03:27 -0400


Started GET "/assets/turbolinks.self-c37727e9bd6b2735da5c311aa83fead54ed0be6cc8bd9a65309e9c5abe2cbfff.js?body=1" for ::1 at 2015-07-07 15:03:27 -0400


Started GET "/assets/reservations.self-877aef30ae1b040ab8a3aba4e3e309a11d7f2612f44dde450b5c157aa5f95c05.js?body=1" for ::1 at 2015-07-07 15:03:27 -0400


Started GET "/assets/restaurants.self-877aef30ae1b040ab8a3aba4e3e309a11d7f2612f44dde450b5c157aa5f95c05.js?body=1" for ::1 at 2015-07-07 15:03:27 -0400


Started GET "/assets/sessions.self-877aef30ae1b040ab8a3aba4e3e309a11d7f2612f44dde450b5c157aa5f95c05.js?body=1" for ::1 at 2015-07-07 15:03:27 -0400


Started GET "/assets/welcome.self-877aef30ae1b040ab8a3aba4e3e309a11d7f2612f44dde450b5c157aa5f95c05.js?body=1" for ::1 at 2015-07-07 15:03:27 -0400


Started GET "/assets/users.self-877aef30ae1b040ab8a3aba4e3e309a11d7f2612f44dde450b5c157aa5f95c05.js?body=1" for ::1 at 2015-07-07 15:03:27 -0400


Started GET "/assets/application.self-3b8dabdc891efe46b9a144b400ad69e37d7e5876bdc39dee783419a69d7ca819.js?body=1" for ::1 at 2015-07-07 15:03:27 -0400


Started POST "/restaurants/1/reservations" for ::1 at 2015-07-07 15:03:39 -0400
Processing by ReservationsController#create as HTML
  Parameters: {"utf8"=>"✓", "authenticity_token"=>"B3u0JqPeBGH3r4aSfvdzQiojGec/iM1tLO7KE+COokwEPOg2OdBVQZQ16FrmrvyzaqS4lYbOiO65zCPvSEftxA==", "reservation"=>{"party_size"=>"20", "date_time(1i)"=>"2015", "date_time(2i)"=>"7", "date_time(3i)"=>"7", "date_time(4i)"=>"17", "date_time(5i)"=>"01"}, "commit"=>"Make yo reservation", "restaurant_id"=>"1"}
  [1m[36mRestaurant Load (0.1ms)[0m  [1mSELECT  "restaurants".* FROM "restaurants" WHERE "restaurants"."id" = ? LIMIT 1[0m  [["id", 1]]
  [1m[35m (0.1ms)[0m  begin transaction
  [1m[36mRestaurant Load (0.2ms)[0m  [1mSELECT  "restaurants".* FROM "restaurants" WHERE "restaurants"."id" = ? LIMIT 1[0m  [["id", 1]]
  [1m[35m (0.2ms)[0m  SELECT SUM("reservations"."party_size") FROM "reservations" WHERE "reservations"."restaurant_id" = ? AND "reservations"."date_time" = '2015-07-07 17:01:00.000000'  [["restaurant_id", 1]]
  [1m[36mSQL (0.3ms)[0m  [1mINSERT INTO "reservations" ("party_size", "date_time", "user_id", "restaurant_id", "created_at", "updated_at") VALUES (?, ?, ?, ?, ?, ?)[0m  [["party_size", 20], ["date_time", "2015-07-07 17:01:00.000000"], ["user_id", 1], ["restaurant_id", 1], ["created_at", "2015-07-07 19:03:39.085017"], ["updated_at", "2015-07-07 19:03:39.085017"]]
  [1m[35m (5.0ms)[0m  commit transaction
  Rendered reservations/create.html.erb within layouts/application (0.1ms)
Completed 200 OK in 77ms (Views: 65.2ms | ActiveRecord: 5.8ms)


Started GET "/" for ::1 at 2015-07-11 10:05:54 -0400
  [1m[36mActiveRecord::SchemaMigration Load (2.3ms)[0m  [1mSELECT "schema_migrations".* FROM "schema_migrations"[0m
Processing by WelcomeController#index as HTML
  Rendered welcome/index.html.erb within layouts/application (5.0ms)
Completed 200 OK in 512ms (Views: 490.9ms | ActiveRecord: 0.0ms)


Started GET "/assets/reservations.self-e3b0c44298fc1c149afbf4c8996fb92427ae41e4649b934ca495991b7852b855.css?body=1" for ::1 at 2015-07-11 10:05:55 -0400


Started GET "/assets/reservations.self-877aef30ae1b040ab8a3aba4e3e309a11d7f2612f44dde450b5c157aa5f95c05.js?body=1" for ::1 at 2015-07-11 10:05:55 -0400


Started GET "/users/new" for ::1 at 2015-07-11 10:05:58 -0400
Processing by UsersController#new as HTML
  Rendered users/new.html.erb within layouts/application (63.4ms)
Completed 200 OK in 148ms (Views: 126.4ms | ActiveRecord: 0.5ms)


Started POST "/users" for ::1 at 2015-07-11 10:06:06 -0400
Processing by UsersController#create as HTML
  Parameters: {"utf8"=>"✓", "authenticity_token"=>"CSoOKYPXvn8MoexlyYQVlHvxdkG6F29pIbyEeZh3bPQKbVI5GdnvX287gq1R3ZplO3bXMwNRKuq0nm2FML4jfA==", "user"=>{"firstname"=>"b", "lastname"=>"b", "email"=>"b", "password"=>"[FILTERED]", "password_confirmation"=>"[FILTERED]"}, "commit"=>"Create User"}
  [1m[35m (0.1ms)[0m  begin transaction
  [1m[36mSQL (2.7ms)[0m  [1mINSERT INTO "users" ("firstname", "lastname", "email", "password_digest", "created_at", "updated_at") VALUES (?, ?, ?, ?, ?, ?)[0m  [["firstname", "b"], ["lastname", "b"], ["email", "b"], ["password_digest", "$2a$10$tSZXB6lQ5yCvlJ200ldkneNR3O2gr7roheMSmtKwDU0rRIVxrthOy"], ["created_at", "2015-07-11 14:06:06.545690"], ["updated_at", "2015-07-11 14:06:06.545690"]]
  [1m[35m (3.0ms)[0m  commit transaction
Redirected to http://localhost:3000/sessions/new
Completed 302 Found in 120ms (ActiveRecord: 5.8ms)


Started GET "/sessions/new" for ::1 at 2015-07-11 10:06:06 -0400
Processing by SessionsController#new as HTML
  Rendered sessions/new.html.erb within layouts/application (1.7ms)
Completed 200 OK in 58ms (Views: 56.6ms | ActiveRecord: 0.0ms)


Started POST "/sessions" for ::1 at 2015-07-11 10:06:10 -0400
Processing by SessionsController#create as HTML
  Parameters: {"utf8"=>"✓", "authenticity_token"=>"vXcrIeEVLgHmgT+GTd4UuyeL/02TjgEg5hz136gYrwG+MHcxext/IYUbUU7Vh5tKZwxePyrIRKNzPhwjANHgiQ==", "email"=>"b", "password"=>"[FILTERED]", "commit"=>"LOG IN NAO"}
  [1m[36mUser Load (0.4ms)[0m  [1mSELECT  "users".* FROM "users" WHERE "users"."email" = ? LIMIT 1[0m  [["email", "b"]]
Redirected to http://localhost:3000/restaurants
Completed 302 Found in 100ms (ActiveRecord: 0.4ms)


Started GET "/restaurants" for ::1 at 2015-07-11 10:06:10 -0400
Processing by RestaurantsController#index as HTML
  [1m[35mRestaurant Load (2.3ms)[0m  SELECT "restaurants".* FROM "restaurants"
  Rendered restaurants/index.html.erb within layouts/application (15.5ms)
Completed 200 OK in 98ms (Views: 89.1ms | ActiveRecord: 2.8ms)


Started GET "/restaurants/2" for ::1 at 2015-07-11 10:06:13 -0400
Processing by RestaurantsController#show as HTML
  Parameters: {"id"=>"2"}
  [1m[36mRestaurant Load (0.2ms)[0m  [1mSELECT  "restaurants".* FROM "restaurants" WHERE "restaurants"."id" = ? LIMIT 1[0m  [["id", 2]]
  Rendered restaurants/show.html.erb within layouts/application (20.0ms)
Completed 200 OK in 108ms (Views: 85.6ms | ActiveRecord: 0.8ms)


Started POST "/restaurants/2/reservations" for ::1 at 2015-07-11 10:06:17 -0400
Processing by ReservationsController#create as HTML
  Parameters: {"utf8"=>"✓", "authenticity_token"=>"pPTAkx8kJ0QYSjh9lPTqkYS7lR3iW3a8GKp+cdMLJfKns5yDhSp2ZHvQVrUMrWVgxDw0b1sdMz+NiJeNe8Jqeg==", "reservation"=>{"party_size"=>"3", "date_time(1i)"=>"2015", "date_time(2i)"=>"7", "date_time(3i)"=>"11", "date_time(4i)"=>"14", "date_time(5i)"=>"06"}, "commit"=>"Make yo reservation", "restaurant_id"=>"2"}
  [1m[35mRestaurant Load (0.1ms)[0m  SELECT  "restaurants".* FROM "restaurants" WHERE "restaurants"."id" = ? LIMIT 1  [["id", 2]]
  [1m[36m (0.1ms)[0m  [1mbegin transaction[0m
  [1m[35mRestaurant Load (0.2ms)[0m  SELECT  "restaurants".* FROM "restaurants" WHERE "restaurants"."id" = ? LIMIT 1  [["id", 2]]
  [1m[36m (5.1ms)[0m  [1mSELECT SUM("reservations"."party_size") FROM "reservations" WHERE "reservations"."restaurant_id" = ? AND "reservations"."date_time" = '2015-07-11 14:06:00.000000'[0m  [["restaurant_id", 2]]
  [1m[35mSQL (0.4ms)[0m  INSERT INTO "reservations" ("party_size", "date_time", "user_id", "restaurant_id", "created_at", "updated_at") VALUES (?, ?, ?, ?, ?, ?)  [["party_size", 3], ["date_time", "2015-07-11 14:06:00.000000"], ["user_id", 2], ["restaurant_id", 2], ["created_at", "2015-07-11 14:06:17.449672"], ["updated_at", "2015-07-11 14:06:17.449672"]]
  [1m[36m (2.6ms)[0m  [1mcommit transaction[0m
  Rendered reservations/create.html.erb within layouts/application (0.9ms)
Completed 200 OK in 118ms (Views: 54.1ms | ActiveRecord: 8.5ms)


Started GET "/restaurants/" for ::1 at 2015-07-11 10:06:26 -0400
Processing by RestaurantsController#index as HTML
  [1m[35mRestaurant Load (0.3ms)[0m  SELECT "restaurants".* FROM "restaurants"
  Rendered restaurants/index.html.erb within layouts/application (2.1ms)
Completed 200 OK in 47ms (Views: 46.0ms | ActiveRecord: 0.3ms)


Started GET "/" for ::1 at 2015-07-21 15:04:31 -0400
  [1m[36mActiveRecord::SchemaMigration Load (2.2ms)[0m  [1mSELECT "schema_migrations".* FROM "schema_migrations"[0m
Processing by WelcomeController#index as HTML
  Rendered welcome/index.html.erb within layouts/application (5.4ms)
Completed 200 OK in 514ms (Views: 492.8ms | ActiveRecord: 0.0ms)


Started GET "/assets/reservations.self-e3b0c44298fc1c149afbf4c8996fb92427ae41e4649b934ca495991b7852b855.css?body=1" for ::1 at 2015-07-21 15:04:32 -0400


Started GET "/assets/reservations.self-877aef30ae1b040ab8a3aba4e3e309a11d7f2612f44dde450b5c157aa5f95c05.js?body=1" for ::1 at 2015-07-21 15:04:32 -0400


Started GET "/sessions/new" for ::1 at 2015-07-21 15:04:36 -0400
Processing by SessionsController#new as HTML
  Rendered sessions/new.html.erb within layouts/application (1.0ms)
Completed 200 OK in 47ms (Views: 45.9ms | ActiveRecord: 0.0ms)


Started POST "/sessions" for ::1 at 2015-07-21 15:04:40 -0400
Processing by SessionsController#create as HTML
  Parameters: {"utf8"=>"✓", "authenticity_token"=>"WXL3Xc4atz4KO/6kgrg1xJYpK5/p2SpIdPhTigKiG9haNatNVBTmHmmhkGwa4bo11q6K7VCfb8vh2rp2qmtUUA==", "email"=>"a", "password"=>"[FILTERED]", "commit"=>"LOG IN NAO"}
  [1m[35mUser Load (1.7ms)[0m  SELECT  "users".* FROM "users" WHERE "users"."email" = ? LIMIT 1  [["email", "a"]]
Redirected to http://localhost:3000/restaurants
Completed 302 Found in 131ms (ActiveRecord: 2.6ms)


Started GET "/restaurants" for ::1 at 2015-07-21 15:04:40 -0400
Processing by RestaurantsController#index as HTML
  [1m[36mRestaurant Load (2.0ms)[0m  [1mSELECT "restaurants".* FROM "restaurants"[0m
  Rendered restaurants/index.html.erb within layouts/application (27.6ms)
Completed 200 OK in 85ms (Views: 77.4ms | ActiveRecord: 2.3ms)


Started GET "/restaurants/3" for ::1 at 2015-07-21 15:04:47 -0400
Processing by RestaurantsController#show as HTML
  Parameters: {"id"=>"3"}
  [1m[35mRestaurant Load (0.3ms)[0m  SELECT  "restaurants".* FROM "restaurants" WHERE "restaurants"."id" = ? LIMIT 1  [["id", 3]]
  Rendered restaurants/show.html.erb within layouts/application (86.1ms)
Completed 200 OK in 191ms (Views: 167.4ms | ActiveRecord: 0.7ms)


Started GET "/" for ::1 at 2015-10-06 23:01:48 -0400
  [1m[36mActiveRecord::SchemaMigration Load (2.3ms)[0m  [1mSELECT "schema_migrations".* FROM "schema_migrations"[0m
Processing by WelcomeController#index as HTML
  Rendered welcome/index.html.erb within layouts/application (4.5ms)
Completed 200 OK in 495ms (Views: 480.3ms | ActiveRecord: 0.0ms)


Started GET "/assets/reservations.self-e3b0c44298fc1c149afbf4c8996fb92427ae41e4649b934ca495991b7852b855.css?body=1" for ::1 at 2015-10-06 23:01:50 -0400


Started GET "/assets/restaurants.self-e3b0c44298fc1c149afbf4c8996fb92427ae41e4649b934ca495991b7852b855.css?body=1" for ::1 at 2015-10-06 23:01:50 -0400


Started GET "/assets/jquery.self-d03a5518f45df77341bdbe6201ba3bfa547ebba8ed64f0ea56bfa5f96ea7c074.js?body=1" for ::1 at 2015-10-06 23:01:50 -0400


Started GET "/assets/sessions.self-e3b0c44298fc1c149afbf4c8996fb92427ae41e4649b934ca495991b7852b855.css?body=1" for ::1 at 2015-10-06 23:01:50 -0400


Started GET "/assets/jquery_ujs.self-ca5248a2fad13d6bd58ea121318d642f195f0b2dd818b30615f785ff365e8d1f.js?body=1" for ::1 at 2015-10-06 23:01:50 -0400


Started GET "/assets/users.self-e3b0c44298fc1c149afbf4c8996fb92427ae41e4649b934ca495991b7852b855.css?body=1" for ::1 at 2015-10-06 23:01:50 -0400


Started GET "/assets/welcome.self-e3b0c44298fc1c149afbf4c8996fb92427ae41e4649b934ca495991b7852b855.css?body=1" for ::1 at 2015-10-06 23:01:50 -0400


Started GET "/assets/reservations.self-877aef30ae1b040ab8a3aba4e3e309a11d7f2612f44dde450b5c157aa5f95c05.js?body=1" for ::1 at 2015-10-06 23:01:50 -0400


Started GET "/assets/restaurants.self-877aef30ae1b040ab8a3aba4e3e309a11d7f2612f44dde450b5c157aa5f95c05.js?body=1" for ::1 at 2015-10-06 23:01:50 -0400


Started GET "/assets/sessions.self-877aef30ae1b040ab8a3aba4e3e309a11d7f2612f44dde450b5c157aa5f95c05.js?body=1" for ::1 at 2015-10-06 23:01:50 -0400


Started GET "/assets/users.self-877aef30ae1b040ab8a3aba4e3e309a11d7f2612f44dde450b5c157aa5f95c05.js?body=1" for ::1 at 2015-10-06 23:01:50 -0400


Started GET "/assets/welcome.self-877aef30ae1b040ab8a3aba4e3e309a11d7f2612f44dde450b5c157aa5f95c05.js?body=1" for ::1 at 2015-10-06 23:01:50 -0400


Started GET "/" for ::1 at 2016-01-18 17:38:59 -0500
  [1m[36mActiveRecord::SchemaMigration Load (2.4ms)[0m  [1mSELECT "schema_migrations".* FROM "schema_migrations"[0m
Processing by WelcomeController#index as HTML
  Rendered welcome/index.html.erb within layouts/application (5.1ms)
Completed 200 OK in 516ms (Views: 493.4ms | ActiveRecord: 0.0ms)


Started GET "/assets/restaurants.self-e3b0c44298fc1c149afbf4c8996fb92427ae41e4649b934ca495991b7852b855.css?body=1" for ::1 at 2016-01-18 17:39:00 -0500


Started GET "/assets/reservations.self-e3b0c44298fc1c149afbf4c8996fb92427ae41e4649b934ca495991b7852b855.css?body=1" for ::1 at 2016-01-18 17:39:00 -0500


Started GET "/assets/sessions.self-e3b0c44298fc1c149afbf4c8996fb92427ae41e4649b934ca495991b7852b855.css?body=1" for ::1 at 2016-01-18 17:39:00 -0500


Started GET "/assets/users.self-e3b0c44298fc1c149afbf4c8996fb92427ae41e4649b934ca495991b7852b855.css?body=1" for ::1 at 2016-01-18 17:39:00 -0500


Started GET "/assets/welcome.self-e3b0c44298fc1c149afbf4c8996fb92427ae41e4649b934ca495991b7852b855.css?body=1" for ::1 at 2016-01-18 17:39:00 -0500


Started GET "/assets/reservations.self-877aef30ae1b040ab8a3aba4e3e309a11d7f2612f44dde450b5c157aa5f95c05.js?body=1" for ::1 at 2016-01-18 17:39:00 -0500


Started GET "/assets/application.self-e80e8f2318043e8af94dddc2adad5a4f09739a8ebb323b3ab31cd71d45fd9113.css?body=1" for ::1 at 2016-01-18 17:39:00 -0500


Started GET "/assets/restaurants.self-877aef30ae1b040ab8a3aba4e3e309a11d7f2612f44dde450b5c157aa5f95c05.js?body=1" for ::1 at 2016-01-18 17:39:00 -0500


Started GET "/assets/sessions.self-877aef30ae1b040ab8a3aba4e3e309a11d7f2612f44dde450b5c157aa5f95c05.js?body=1" for ::1 at 2016-01-18 17:39:00 -0500


Started GET "/assets/users.self-877aef30ae1b040ab8a3aba4e3e309a11d7f2612f44dde450b5c157aa5f95c05.js?body=1" for ::1 at 2016-01-18 17:39:00 -0500


Started GET "/assets/welcome.self-877aef30ae1b040ab8a3aba4e3e309a11d7f2612f44dde450b5c157aa5f95c05.js?body=1" for ::1 at 2016-01-18 17:39:00 -0500


Started GET "/assets/application.self-3b8dabdc891efe46b9a144b400ad69e37d7e5876bdc39dee783419a69d7ca819.js?body=1" for ::1 at 2016-01-18 17:39:00 -0500


Started GET "/users/new" for ::1 at 2016-01-18 17:39:03 -0500
Processing by UsersController#new as HTML
  Rendered users/new.html.erb within layouts/application (70.7ms)
Completed 200 OK in 189ms (Views: 159.5ms | ActiveRecord: 0.7ms)


Started POST "/users" for ::1 at 2016-01-18 17:39:18 -0500
Processing by UsersController#create as HTML
  Parameters: {"utf8"=>"✓", "authenticity_token"=>"X/UxnNqey0SzqyeqGCI+zfTkZZoiBIlk4HGsdDirF90obg63QZ4Kji2VAyF+NymITZF04Fad4R7a2mFDi4wuuw==", "user"=>{"firstname"=>"a", "lastname"=>"e", "email"=>"ae@haha.com", "password"=>"[FILTERED]", "password_confirmation"=>"[FILTERED]"}, "commit"=>"Create User"}
  [1m[35m (0.1ms)[0m  begin transaction
  [1m[36mSQL (3.1ms)[0m  [1mINSERT INTO "users" ("firstname", "lastname", "email", "password_digest", "created_at", "updated_at") VALUES (?, ?, ?, ?, ?, ?)[0m  [["firstname", "a"], ["lastname", "e"], ["email", "ae@haha.com"], ["password_digest", "$2a$10$oltT3CfG/Jxg3mtAxfYLxOMLZFLF.0Jzq1bqxAgZZ1TPfq5yefYzO"], ["created_at", "2016-01-18 22:39:18.392604"], ["updated_at", "2016-01-18 22:39:18.392604"]]
  [1m[35m (2.7ms)[0m  commit transaction
Redirected to http://localhost:3000/sessions/new
Completed 302 Found in 98ms (ActiveRecord: 5.9ms)


Started GET "/sessions/new" for ::1 at 2016-01-18 17:39:18 -0500
Processing by SessionsController#new as HTML
  Rendered sessions/new.html.erb within layouts/application (2.3ms)
Completed 200 OK in 61ms (Views: 60.2ms | ActiveRecord: 0.0ms)


Started POST "/sessions" for ::1 at 2016-01-18 17:39:26 -0500
Processing by SessionsController#create as HTML
  Parameters: {"utf8"=>"✓", "authenticity_token"=>"E1OlnI3PKoGsq7+pHCVVeUz81drNUpDcsDn/A3bAjmVkyJq3Fs/rSzKVmyJ6MEI89YnEoLnL+KaKkjI0xee3Aw==", "email"=>"ae@haha.com", "password"=>"[FILTERED]", "commit"=>"LOG IN NAO"}
  [1m[36mUser Load (0.4ms)[0m  [1mSELECT  "users".* FROM "users" WHERE "users"."email" = ? LIMIT 1[0m  [["email", "ae@haha.com"]]
Redirected to http://localhost:3000/restaurants
Completed 302 Found in 112ms (ActiveRecord: 0.4ms)


Started GET "/restaurants" for ::1 at 2016-01-18 17:39:26 -0500
Processing by RestaurantsController#index as HTML
  [1m[35mRestaurant Load (2.5ms)[0m  SELECT "restaurants".* FROM "restaurants"
  Rendered restaurants/index.html.erb within layouts/application (10.9ms)
Completed 200 OK in 79ms (Views: 69.0ms | ActiveRecord: 2.8ms)


Started GET "/restaurants/1" for ::1 at 2016-01-18 17:39:32 -0500
Processing by RestaurantsController#show as HTML
  Parameters: {"id"=>"1"}
  [1m[36mRestaurant Load (0.2ms)[0m  [1mSELECT  "restaurants".* FROM "restaurants" WHERE "restaurants"."id" = ? LIMIT 1[0m  [["id", 1]]
  Rendered restaurants/show.html.erb within layouts/application (24.0ms)
Completed 200 OK in 104ms (Views: 81.0ms | ActiveRecord: 0.8ms)
